


ARM Macro Assembler    Page 1 


    1 00000000         ;******************** (C) COPYRIGHT 2017 MindMotion ****
                       ****************
    2 00000000         ; Amount of memory (in bytes) allocated for Stack
    3 00000000         ; Tailor this value to your application needs
    4 00000000         ; <h> Stack Configuration
    5 00000000         ;   <o> Stack Size (in Bytes) <0x0-0xFFFFFFFF:8>
    6 00000000         ; </h>
    7 00000000         
    8 00000000 00000400 
                       Stack_Size
                               EQU              0x00000400
    9 00000000         
   10 00000000                 AREA             STACK, NOINIT, READWRITE, ALIGN
=3
   11 00000000         Stack_Mem
                               SPACE            Stack_Size
   12 00000400         __initial_sp
   13 00000400         
   14 00000400         
   15 00000400         ; <h> Heap Configuration
   16 00000400         ;   <o>  Heap Size (in Bytes) <0x0-0xFFFFFFFF:8>
   17 00000400         ; </h>
   18 00000400         
   19 00000400 00000200 
                       Heap_Size
                               EQU              0x00000200
   20 00000400         
   21 00000400                 AREA             HEAP, NOINIT, READWRITE, ALIGN=
3
   22 00000000         __heap_base
   23 00000000         Heap_Mem
                               SPACE            Heap_Size
   24 00000200         __heap_limit
   25 00000200         
   26 00000200                 PRESERVE8
   27 00000200                 THUMB
   28 00000200         
   29 00000200         
   30 00000200         ; Vector Table Mapped to Address 0 at Reset
   31 00000200                 AREA             RESET, DATA, READONLY
   32 00000000                 EXPORT           __Vectors
   33 00000000                 EXPORT           __Vectors_End
   34 00000000                 EXPORT           __Vectors_Size
   35 00000000         
   36 00000000 00000000 
                       __Vectors
                               DCD              __initial_sp ; Top of Stack
   37 00000004 00000000        DCD              Reset_Handler ; Reset Handler
   38 00000008 00000000        DCD              NMI_Handler ; NMI Handler
   39 0000000C 00000000        DCD              HardFault_Handler ; Hard Fault 
                                                            Handler
   40 00000010 00000000        DCD              0           ; Reserved
   41 00000014 00000000        DCD              0           ; Reserved
   42 00000018 00000000        DCD              0           ; Reserved
   43 0000001C 00000000        DCD              0           ; Reserved
   44 00000020 00000000        DCD              0           ; Reserved
   45 00000024 00000000        DCD              0           ; Reserved
   46 00000028 00000000        DCD              0           ; Reserved
   47 0000002C 00000000        DCD              SVC_Handler ; SVCall Handler



ARM Macro Assembler    Page 2 


   48 00000030 00000000        DCD              0           ; Reserved
   49 00000034 00000000        DCD              0           ; Reserved
   50 00000038 00000000        DCD              PendSV_Handler ; PendSV Handler
                                                            
   51 0000003C 00000000        DCD              SysTick_Handler 
                                                            ; SysTick Handler
   52 00000040         
   53 00000040         ; External Interrupts
   54 00000040 00000000        DCD              WWDG_IRQHandler 
                                                            ; Window Watchdog
   55 00000044 00000000        DCD              PVD_IRQHandler ; PVD through EX
                                                            TI Line detect
   56 00000048 00000000        DCD              RTC_IRQHandler ; RTC through EX
                                                            TI Line & Tamper
   57 0000004C 00000000        DCD              FLASH_IRQHandler ; FLASH
   58 00000050 00000000        DCD              RCC_IRQHandler ; RCC & CRS
   59 00000054 00000000        DCD              EXTI0_1_IRQHandler 
                                                            ; EXTI Line 0 and 1
                                                            
   60 00000058 00000000        DCD              EXTI2_3_IRQHandler 
                                                            ; EXTI Line 2 and 3
                                                            
   61 0000005C 00000000        DCD              EXTI4_15_IRQHandler 
                                                            ; EXTI Line 4 to 15
                                                            
   62 00000060 00000000        DCD              0           ; Reserved
   63 00000064 00000000        DCD              DMA1_Channel1_IRQHandler 
                                                            ; DMA1 Channel 1
   64 00000068 00000000        DCD              DMA1_Channel2_3_IRQHandler ; DM
                                                            A1 Channel 2 and Ch
                                                            annel 3
   65 0000006C 00000000        DCD              DMA1_Channel4_5_IRQHandler ; DM
                                                            A1 Channel 4 and Ch
                                                            annel 5
   66 00000070 00000000        DCD              ADC1_IRQHandler ; ADC1 & COMP
   67 00000074 00000000        DCD              TIM1_BRK_UP_TRG_COM_IRQHandler 
                                                            ; TIM1 Break, Updat
                                                            e, Trigger and Comm
                                                            utation
   68 00000078 00000000        DCD              TIM1_CC_IRQHandler ; TIM1 Captu
                                                            re Compare
   69 0000007C 00000000        DCD              TIM2_IRQHandler ; TIM2
   70 00000080 00000000        DCD              TIM3_IRQHandler ; TIM3
   71 00000084 00000000        DCD              0           ; Reserved
   72 00000088 00000000        DCD              0           ; Reserved
   73 0000008C 00000000        DCD              TIM14_IRQHandler ; TIM14
   74 00000090 00000000        DCD              0           ; Reserved
   75 00000094 00000000        DCD              TIM16_IRQHandler ; TIM16
   76 00000098 00000000        DCD              TIM17_IRQHandler ; TIM17
   77 0000009C 00000000        DCD              I2C1_IRQHandler ; I2C1
   78 000000A0 00000000        DCD              0           ; Reserved
   79 000000A4 00000000        DCD              SPI1_IRQHandler ; SPI1
   80 000000A8 00000000        DCD              SPI2_IRQHandler ; SPI2
   81 000000AC 00000000        DCD              UART1_IRQHandler ; UART1
   82 000000B0 00000000        DCD              UART2_IRQHandler ; UART2
   83 000000B4 00000000        DCD              AES_IRQHandler ; AES
   84 000000B8 00000000        DCD              CAN_IRQHandler ; CAN
   85 000000BC 00000000        DCD              USB_IRQHandler ; USB
   86 000000C0         



ARM Macro Assembler    Page 3 


   87 000000C0         __Vectors_End
   88 000000C0         
   89 000000C0 000000C0 
                       __Vectors_Size
                               EQU              __Vectors_End - __Vectors
   90 000000C0         
   91 000000C0                 AREA             |.text|, CODE, READONLY
   92 00000000         
   93 00000000         ; Reset handler routine
   94 00000000         Reset_Handler
                               PROC
   95 00000000                 EXPORT           Reset_Handler                 [
WEAK]
   96 00000000                 IMPORT           __main
   97 00000000                 IMPORT           SystemInit
   98 00000000         
   99 00000000         
  100 00000000         
  101 00000000 480F            LDR              R0, =__initial_sp ; set stack p
                                                            ointer 
  102 00000002 F380 8808       MSR              MSP, R0
  103 00000006         
  104 00000006         ;;Check if boot space corresponds to test memory 
  105 00000006         
  106 00000006 480F            LDR              R0,=0x00000004
  107 00000008 6801            LDR              R1, [R0]
  108 0000000A 0E09            LSRS             R1, R1, #24
  109 0000000C 4A0E            LDR              R2,=0x1F
  110 0000000E 4291            CMP              R1, R2
  111 00000010         
  112 00000010 D105            BNE              ApplicationStart
  113 00000012         
  114 00000012         ;; SYSCFG clock enable    
  115 00000012         
  116 00000012 480E            LDR              R0,=0x40021018
  117 00000014 490E            LDR              R1,=0x00000001
  118 00000016 6001            STR              R1, [R0]
  119 00000018         
  120 00000018         ;; Set CFGR1 register with flash memory remap at address
                        0
  121 00000018         
  122 00000018 480E            LDR              R0,=0x40010000
  123 0000001A 490F            LDR              R1,=0x00000000
  124 0000001C 6001            STR              R1, [R0]
  125 0000001E         ApplicationStart
  126 0000001E 480F            LDR              R0, =SystemInit
  127 00000020 4780            BLX              R0
  128 00000022 480F            LDR              R0, =__main
  129 00000024 4700            BX               R0
  130 00000026                 ENDP
  131 00000026         
  132 00000026         ; Dummy Exception Handlers (infinite loops which can be 
                       modified)
  133 00000026         
  134 00000026         NMI_Handler
                               PROC
  135 00000026                 EXPORT           NMI_Handler                    
[WEAK]
  136 00000026 E7FE            B                .



ARM Macro Assembler    Page 4 


  137 00000028                 ENDP
  139 00000028         HardFault_Handler
                               PROC
  140 00000028                 EXPORT           HardFault_Handler              
[WEAK]
  141 00000028 E7FE            B                .
  142 0000002A                 ENDP
  143 0000002A         SVC_Handler
                               PROC
  144 0000002A                 EXPORT           SVC_Handler                    
[WEAK]
  145 0000002A E7FE            B                .
  146 0000002C                 ENDP
  147 0000002C         PendSV_Handler
                               PROC
  148 0000002C                 EXPORT           PendSV_Handler                 
[WEAK]
  149 0000002C E7FE            B                .
  150 0000002E                 ENDP
  151 0000002E         SysTick_Handler
                               PROC
  152 0000002E                 EXPORT           SysTick_Handler                
[WEAK]
  153 0000002E E7FE            B                .
  154 00000030                 ENDP
  155 00000030         
  156 00000030         Default_Handler
                               PROC
  157 00000030         
  158 00000030                 EXPORT           WWDG_IRQHandler                
[WEAK]
  159 00000030                 EXPORT           PVD_IRQHandler                 
[WEAK]
  160 00000030                 EXPORT           RTC_IRQHandler                 
[WEAK]
  161 00000030                 EXPORT           FLASH_IRQHandler               
[WEAK]
  162 00000030                 EXPORT           RCC_IRQHandler                 
[WEAK]
  163 00000030                 EXPORT           EXTI0_1_IRQHandler             
[WEAK]
  164 00000030                 EXPORT           EXTI2_3_IRQHandler             
[WEAK]
  165 00000030                 EXPORT           EXTI4_15_IRQHandler            
[WEAK]
  166 00000030                 EXPORT           DMA1_Channel1_IRQHandler       
[WEAK]
  167 00000030                 EXPORT           DMA1_Channel2_3_IRQHandler     
[WEAK]
  168 00000030                 EXPORT           DMA1_Channel4_5_IRQHandler     
[WEAK]
  169 00000030                 EXPORT           ADC1_IRQHandler                
[WEAK]
  170 00000030                 EXPORT           TIM1_BRK_UP_TRG_COM_IRQHandler 
[WEAK]
  171 00000030                 EXPORT           TIM1_CC_IRQHandler             
[WEAK]
  172 00000030                 EXPORT           TIM2_IRQHandler                
[WEAK]



ARM Macro Assembler    Page 5 


  173 00000030                 EXPORT           TIM3_IRQHandler                
[WEAK]
  174 00000030                 EXPORT           TIM14_IRQHandler               
[WEAK]
  175 00000030                 EXPORT           TIM16_IRQHandler               
[WEAK]
  176 00000030                 EXPORT           TIM17_IRQHandler               
[WEAK]
  177 00000030                 EXPORT           I2C1_IRQHandler                
[WEAK]
  178 00000030                 EXPORT           SPI1_IRQHandler                
[WEAK]
  179 00000030                 EXPORT           SPI2_IRQHandler                
[WEAK]
  180 00000030                 EXPORT           UART1_IRQHandler               
[WEAK]
  181 00000030                 EXPORT           UART2_IRQHandler               
[WEAK]
  182 00000030                 EXPORT           AES_IRQHandler                 
[WEAK]
  183 00000030                 EXPORT           CAN_IRQHandler                 
[WEAK]
  184 00000030                 EXPORT           USB_IRQHandler                 
[WEAK]
  185 00000030         
  186 00000030         
  187 00000030         WWDG_IRQHandler
  188 00000030         PVD_IRQHandler
  189 00000030         RTC_IRQHandler
  190 00000030         FLASH_IRQHandler
  191 00000030         RCC_IRQHandler
  192 00000030         EXTI0_1_IRQHandler
  193 00000030         EXTI2_3_IRQHandler
  194 00000030         EXTI4_15_IRQHandler
  195 00000030         DMA1_Channel1_IRQHandler
  196 00000030         DMA1_Channel2_3_IRQHandler
  197 00000030         DMA1_Channel4_5_IRQHandler
  198 00000030         ADC1_IRQHandler
  199 00000030         TIM1_BRK_UP_TRG_COM_IRQHandler
  200 00000030         TIM1_CC_IRQHandler
  201 00000030         TIM2_IRQHandler
  202 00000030         TIM3_IRQHandler
  203 00000030         TIM14_IRQHandler
  204 00000030         TIM16_IRQHandler
  205 00000030         TIM17_IRQHandler
  206 00000030         I2C1_IRQHandler
  207 00000030         SPI1_IRQHandler
  208 00000030         SPI2_IRQHandler
  209 00000030         UART1_IRQHandler
  210 00000030         UART2_IRQHandler
  211 00000030         AES_IRQHandler
  212 00000030         CAN_IRQHandler
  213 00000030         USB_IRQHandler
  214 00000030         
  215 00000030 E7FE            B                .
  216 00000032         
  217 00000032                 ENDP
  218 00000032         
  219 00000032 00 00           ALIGN



ARM Macro Assembler    Page 6 


  220 00000034         
  221 00000034         ;*******************************************************
                       ************************
  222 00000034         ; User Stack and Heap initialization
  223 00000034         ;*******************************************************
                       ************************
  224 00000034                 IF               :DEF:__MICROLIB
  231 00000034         
  232 00000034                 IMPORT           __use_two_region_memory
  233 00000034                 EXPORT           __user_initial_stackheap
  234 00000034         
  235 00000034         __user_initial_stackheap
  236 00000034         
  237 00000034 480B            LDR              R0, =  Heap_Mem
  238 00000036 490C            LDR              R1, =(Stack_Mem + Stack_Size)
  239 00000038 4A0C            LDR              R2, = (Heap_Mem +  Heap_Size)
  240 0000003A 4B0D            LDR              R3, = Stack_Mem
  241 0000003C 4770            BX               LR
  242 0000003E         
  243 0000003E 00 00           ALIGN
  244 00000040         
  245 00000040                 ENDIF
  246 00000040         
  247 00000040                 END
              00000000 
              00000004 
              0000001F 
              40021018 
              00000001 
              40010000 
              00000000 
              00000000 
              00000000 
              00000000 
              00000400 
              00000200 
              00000000 
Command Line: --debug --xref --diag_suppress=9931 --cpu=Cortex-M0 --apcs=interw
ork --depend=.\objects\startup_mm32l0xx.d -o.\objects\startup_mm32l0xx.o -I.\RT
E\_APP-OTA -IC:\Users\24716\AppData\Local\Arm\Packs\MindMotion\MM32L0xx_DFP\1.0
.8\Device\MM32L0xx\Include -IC:\Keil_v5\ARM\CMSIS\Include --predefine="__UVISIO
N_VERSION SETA 530" --predefine="MM32L073PF SETA 1" --predefine="_RTE_ SETA 1" 
--list=.\listings\startup_mm32l0xx.lst ..\..\Device\MM32L0xx\Source\KEIL_StartA
sm\startup_MM32L0xx.s



ARM Macro Assembler    Page 1 Alphabetic symbol ordering
Relocatable symbols

STACK 00000000

Symbol: STACK
   Definitions
      At line 10 in file ..\..\Device\MM32L0xx\Source\KEIL_StartAsm\startup_MM3
2L0xx.s
   Uses
      None
Comment: STACK unused
Stack_Mem 00000000

Symbol: Stack_Mem
   Definitions
      At line 11 in file ..\..\Device\MM32L0xx\Source\KEIL_StartAsm\startup_MM3
2L0xx.s
   Uses
      At line 238 in file ..\..\Device\MM32L0xx\Source\KEIL_StartAsm\startup_MM
32L0xx.s
      At line 240 in file ..\..\Device\MM32L0xx\Source\KEIL_StartAsm\startup_MM
32L0xx.s

__initial_sp 00000400

Symbol: __initial_sp
   Definitions
      At line 12 in file ..\..\Device\MM32L0xx\Source\KEIL_StartAsm\startup_MM3
2L0xx.s
   Uses
      At line 36 in file ..\..\Device\MM32L0xx\Source\KEIL_StartAsm\startup_MM3
2L0xx.s
      At line 101 in file ..\..\Device\MM32L0xx\Source\KEIL_StartAsm\startup_MM
32L0xx.s

3 symbols



ARM Macro Assembler    Page 1 Alphabetic symbol ordering
Relocatable symbols

HEAP 00000000

Symbol: HEAP
   Definitions
      At line 21 in file ..\..\Device\MM32L0xx\Source\KEIL_StartAsm\startup_MM3
2L0xx.s
   Uses
      None
Comment: HEAP unused
Heap_Mem 00000000

Symbol: Heap_Mem
   Definitions
      At line 23 in file ..\..\Device\MM32L0xx\Source\KEIL_StartAsm\startup_MM3
2L0xx.s
   Uses
      At line 237 in file ..\..\Device\MM32L0xx\Source\KEIL_StartAsm\startup_MM
32L0xx.s
      At line 239 in file ..\..\Device\MM32L0xx\Source\KEIL_StartAsm\startup_MM
32L0xx.s

__heap_base 00000000

Symbol: __heap_base
   Definitions
      At line 22 in file ..\..\Device\MM32L0xx\Source\KEIL_StartAsm\startup_MM3
2L0xx.s
   Uses
      None
Comment: __heap_base unused
__heap_limit 00000200

Symbol: __heap_limit
   Definitions
      At line 24 in file ..\..\Device\MM32L0xx\Source\KEIL_StartAsm\startup_MM3
2L0xx.s
   Uses
      None
Comment: __heap_limit unused
4 symbols



ARM Macro Assembler    Page 1 Alphabetic symbol ordering
Relocatable symbols

RESET 00000000

Symbol: RESET
   Definitions
      At line 31 in file ..\..\Device\MM32L0xx\Source\KEIL_StartAsm\startup_MM3
2L0xx.s
   Uses
      None
Comment: RESET unused
__Vectors 00000000

Symbol: __Vectors
   Definitions
      At line 36 in file ..\..\Device\MM32L0xx\Source\KEIL_StartAsm\startup_MM3
2L0xx.s
   Uses
      At line 32 in file ..\..\Device\MM32L0xx\Source\KEIL_StartAsm\startup_MM3
2L0xx.s
      At line 89 in file ..\..\Device\MM32L0xx\Source\KEIL_StartAsm\startup_MM3
2L0xx.s

__Vectors_End 000000C0

Symbol: __Vectors_End
   Definitions
      At line 87 in file ..\..\Device\MM32L0xx\Source\KEIL_StartAsm\startup_MM3
2L0xx.s
   Uses
      At line 33 in file ..\..\Device\MM32L0xx\Source\KEIL_StartAsm\startup_MM3
2L0xx.s
      At line 89 in file ..\..\Device\MM32L0xx\Source\KEIL_StartAsm\startup_MM3
2L0xx.s

3 symbols



ARM Macro Assembler    Page 1 Alphabetic symbol ordering
Relocatable symbols

.text 00000000

Symbol: .text
   Definitions
      At line 91 in file ..\..\Device\MM32L0xx\Source\KEIL_StartAsm\startup_MM3
2L0xx.s
   Uses
      None
Comment: .text unused
ADC1_IRQHandler 00000030

Symbol: ADC1_IRQHandler
   Definitions
      At line 198 in file ..\..\Device\MM32L0xx\Source\KEIL_StartAsm\startup_MM
32L0xx.s
   Uses
      At line 66 in file ..\..\Device\MM32L0xx\Source\KEIL_StartAsm\startup_MM3
2L0xx.s
      At line 169 in file ..\..\Device\MM32L0xx\Source\KEIL_StartAsm\startup_MM
32L0xx.s

AES_IRQHandler 00000030

Symbol: AES_IRQHandler
   Definitions
      At line 211 in file ..\..\Device\MM32L0xx\Source\KEIL_StartAsm\startup_MM
32L0xx.s
   Uses
      At line 83 in file ..\..\Device\MM32L0xx\Source\KEIL_StartAsm\startup_MM3
2L0xx.s
      At line 182 in file ..\..\Device\MM32L0xx\Source\KEIL_StartAsm\startup_MM
32L0xx.s

ApplicationStart 0000001E

Symbol: ApplicationStart
   Definitions
      At line 125 in file ..\..\Device\MM32L0xx\Source\KEIL_StartAsm\startup_MM
32L0xx.s
   Uses
      At line 112 in file ..\..\Device\MM32L0xx\Source\KEIL_StartAsm\startup_MM
32L0xx.s
Comment: ApplicationStart used once
CAN_IRQHandler 00000030

Symbol: CAN_IRQHandler
   Definitions
      At line 212 in file ..\..\Device\MM32L0xx\Source\KEIL_StartAsm\startup_MM
32L0xx.s
   Uses
      At line 84 in file ..\..\Device\MM32L0xx\Source\KEIL_StartAsm\startup_MM3
2L0xx.s
      At line 183 in file ..\..\Device\MM32L0xx\Source\KEIL_StartAsm\startup_MM
32L0xx.s

DMA1_Channel1_IRQHandler 00000030

Symbol: DMA1_Channel1_IRQHandler
   Definitions



ARM Macro Assembler    Page 2 Alphabetic symbol ordering
Relocatable symbols

      At line 195 in file ..\..\Device\MM32L0xx\Source\KEIL_StartAsm\startup_MM
32L0xx.s
   Uses
      At line 63 in file ..\..\Device\MM32L0xx\Source\KEIL_StartAsm\startup_MM3
2L0xx.s
      At line 166 in file ..\..\Device\MM32L0xx\Source\KEIL_StartAsm\startup_MM
32L0xx.s

DMA1_Channel2_3_IRQHandler 00000030

Symbol: DMA1_Channel2_3_IRQHandler
   Definitions
      At line 196 in file ..\..\Device\MM32L0xx\Source\KEIL_StartAsm\startup_MM
32L0xx.s
   Uses
      At line 64 in file ..\..\Device\MM32L0xx\Source\KEIL_StartAsm\startup_MM3
2L0xx.s
      At line 167 in file ..\..\Device\MM32L0xx\Source\KEIL_StartAsm\startup_MM
32L0xx.s

DMA1_Channel4_5_IRQHandler 00000030

Symbol: DMA1_Channel4_5_IRQHandler
   Definitions
      At line 197 in file ..\..\Device\MM32L0xx\Source\KEIL_StartAsm\startup_MM
32L0xx.s
   Uses
      At line 65 in file ..\..\Device\MM32L0xx\Source\KEIL_StartAsm\startup_MM3
2L0xx.s
      At line 168 in file ..\..\Device\MM32L0xx\Source\KEIL_StartAsm\startup_MM
32L0xx.s

Default_Handler 00000030

Symbol: Default_Handler
   Definitions
      At line 156 in file ..\..\Device\MM32L0xx\Source\KEIL_StartAsm\startup_MM
32L0xx.s
   Uses
      None
Comment: Default_Handler unused
EXTI0_1_IRQHandler 00000030

Symbol: EXTI0_1_IRQHandler
   Definitions
      At line 192 in file ..\..\Device\MM32L0xx\Source\KEIL_StartAsm\startup_MM
32L0xx.s
   Uses
      At line 59 in file ..\..\Device\MM32L0xx\Source\KEIL_StartAsm\startup_MM3
2L0xx.s
      At line 163 in file ..\..\Device\MM32L0xx\Source\KEIL_StartAsm\startup_MM
32L0xx.s

EXTI2_3_IRQHandler 00000030

Symbol: EXTI2_3_IRQHandler
   Definitions
      At line 193 in file ..\..\Device\MM32L0xx\Source\KEIL_StartAsm\startup_MM
32L0xx.s



ARM Macro Assembler    Page 3 Alphabetic symbol ordering
Relocatable symbols

   Uses
      At line 60 in file ..\..\Device\MM32L0xx\Source\KEIL_StartAsm\startup_MM3
2L0xx.s
      At line 164 in file ..\..\Device\MM32L0xx\Source\KEIL_StartAsm\startup_MM
32L0xx.s

EXTI4_15_IRQHandler 00000030

Symbol: EXTI4_15_IRQHandler
   Definitions
      At line 194 in file ..\..\Device\MM32L0xx\Source\KEIL_StartAsm\startup_MM
32L0xx.s
   Uses
      At line 61 in file ..\..\Device\MM32L0xx\Source\KEIL_StartAsm\startup_MM3
2L0xx.s
      At line 165 in file ..\..\Device\MM32L0xx\Source\KEIL_StartAsm\startup_MM
32L0xx.s

FLASH_IRQHandler 00000030

Symbol: FLASH_IRQHandler
   Definitions
      At line 190 in file ..\..\Device\MM32L0xx\Source\KEIL_StartAsm\startup_MM
32L0xx.s
   Uses
      At line 57 in file ..\..\Device\MM32L0xx\Source\KEIL_StartAsm\startup_MM3
2L0xx.s
      At line 161 in file ..\..\Device\MM32L0xx\Source\KEIL_StartAsm\startup_MM
32L0xx.s

HardFault_Handler 00000028

Symbol: HardFault_Handler
   Definitions
      At line 139 in file ..\..\Device\MM32L0xx\Source\KEIL_StartAsm\startup_MM
32L0xx.s
   Uses
      At line 39 in file ..\..\Device\MM32L0xx\Source\KEIL_StartAsm\startup_MM3
2L0xx.s
      At line 140 in file ..\..\Device\MM32L0xx\Source\KEIL_StartAsm\startup_MM
32L0xx.s

I2C1_IRQHandler 00000030

Symbol: I2C1_IRQHandler
   Definitions
      At line 206 in file ..\..\Device\MM32L0xx\Source\KEIL_StartAsm\startup_MM
32L0xx.s
   Uses
      At line 77 in file ..\..\Device\MM32L0xx\Source\KEIL_StartAsm\startup_MM3
2L0xx.s
      At line 177 in file ..\..\Device\MM32L0xx\Source\KEIL_StartAsm\startup_MM
32L0xx.s

NMI_Handler 00000026

Symbol: NMI_Handler
   Definitions
      At line 134 in file ..\..\Device\MM32L0xx\Source\KEIL_StartAsm\startup_MM



ARM Macro Assembler    Page 4 Alphabetic symbol ordering
Relocatable symbols

32L0xx.s
   Uses
      At line 38 in file ..\..\Device\MM32L0xx\Source\KEIL_StartAsm\startup_MM3
2L0xx.s
      At line 135 in file ..\..\Device\MM32L0xx\Source\KEIL_StartAsm\startup_MM
32L0xx.s

PVD_IRQHandler 00000030

Symbol: PVD_IRQHandler
   Definitions
      At line 188 in file ..\..\Device\MM32L0xx\Source\KEIL_StartAsm\startup_MM
32L0xx.s
   Uses
      At line 55 in file ..\..\Device\MM32L0xx\Source\KEIL_StartAsm\startup_MM3
2L0xx.s
      At line 159 in file ..\..\Device\MM32L0xx\Source\KEIL_StartAsm\startup_MM
32L0xx.s

PendSV_Handler 0000002C

Symbol: PendSV_Handler
   Definitions
      At line 147 in file ..\..\Device\MM32L0xx\Source\KEIL_StartAsm\startup_MM
32L0xx.s
   Uses
      At line 50 in file ..\..\Device\MM32L0xx\Source\KEIL_StartAsm\startup_MM3
2L0xx.s
      At line 148 in file ..\..\Device\MM32L0xx\Source\KEIL_StartAsm\startup_MM
32L0xx.s

RCC_IRQHandler 00000030

Symbol: RCC_IRQHandler
   Definitions
      At line 191 in file ..\..\Device\MM32L0xx\Source\KEIL_StartAsm\startup_MM
32L0xx.s
   Uses
      At line 58 in file ..\..\Device\MM32L0xx\Source\KEIL_StartAsm\startup_MM3
2L0xx.s
      At line 162 in file ..\..\Device\MM32L0xx\Source\KEIL_StartAsm\startup_MM
32L0xx.s

RTC_IRQHandler 00000030

Symbol: RTC_IRQHandler
   Definitions
      At line 189 in file ..\..\Device\MM32L0xx\Source\KEIL_StartAsm\startup_MM
32L0xx.s
   Uses
      At line 56 in file ..\..\Device\MM32L0xx\Source\KEIL_StartAsm\startup_MM3
2L0xx.s
      At line 160 in file ..\..\Device\MM32L0xx\Source\KEIL_StartAsm\startup_MM
32L0xx.s

Reset_Handler 00000000

Symbol: Reset_Handler
   Definitions



ARM Macro Assembler    Page 5 Alphabetic symbol ordering
Relocatable symbols

      At line 94 in file ..\..\Device\MM32L0xx\Source\KEIL_StartAsm\startup_MM3
2L0xx.s
   Uses
      At line 37 in file ..\..\Device\MM32L0xx\Source\KEIL_StartAsm\startup_MM3
2L0xx.s
      At line 95 in file ..\..\Device\MM32L0xx\Source\KEIL_StartAsm\startup_MM3
2L0xx.s

SPI1_IRQHandler 00000030

Symbol: SPI1_IRQHandler
   Definitions
      At line 207 in file ..\..\Device\MM32L0xx\Source\KEIL_StartAsm\startup_MM
32L0xx.s
   Uses
      At line 79 in file ..\..\Device\MM32L0xx\Source\KEIL_StartAsm\startup_MM3
2L0xx.s
      At line 178 in file ..\..\Device\MM32L0xx\Source\KEIL_StartAsm\startup_MM
32L0xx.s

SPI2_IRQHandler 00000030

Symbol: SPI2_IRQHandler
   Definitions
      At line 208 in file ..\..\Device\MM32L0xx\Source\KEIL_StartAsm\startup_MM
32L0xx.s
   Uses
      At line 80 in file ..\..\Device\MM32L0xx\Source\KEIL_StartAsm\startup_MM3
2L0xx.s
      At line 179 in file ..\..\Device\MM32L0xx\Source\KEIL_StartAsm\startup_MM
32L0xx.s

SVC_Handler 0000002A

Symbol: SVC_Handler
   Definitions
      At line 143 in file ..\..\Device\MM32L0xx\Source\KEIL_StartAsm\startup_MM
32L0xx.s
   Uses
      At line 47 in file ..\..\Device\MM32L0xx\Source\KEIL_StartAsm\startup_MM3
2L0xx.s
      At line 144 in file ..\..\Device\MM32L0xx\Source\KEIL_StartAsm\startup_MM
32L0xx.s

SysTick_Handler 0000002E

Symbol: SysTick_Handler
   Definitions
      At line 151 in file ..\..\Device\MM32L0xx\Source\KEIL_StartAsm\startup_MM
32L0xx.s
   Uses
      At line 51 in file ..\..\Device\MM32L0xx\Source\KEIL_StartAsm\startup_MM3
2L0xx.s
      At line 152 in file ..\..\Device\MM32L0xx\Source\KEIL_StartAsm\startup_MM
32L0xx.s

TIM14_IRQHandler 00000030

Symbol: TIM14_IRQHandler



ARM Macro Assembler    Page 6 Alphabetic symbol ordering
Relocatable symbols

   Definitions
      At line 203 in file ..\..\Device\MM32L0xx\Source\KEIL_StartAsm\startup_MM
32L0xx.s
   Uses
      At line 73 in file ..\..\Device\MM32L0xx\Source\KEIL_StartAsm\startup_MM3
2L0xx.s
      At line 174 in file ..\..\Device\MM32L0xx\Source\KEIL_StartAsm\startup_MM
32L0xx.s

TIM16_IRQHandler 00000030

Symbol: TIM16_IRQHandler
   Definitions
      At line 204 in file ..\..\Device\MM32L0xx\Source\KEIL_StartAsm\startup_MM
32L0xx.s
   Uses
      At line 75 in file ..\..\Device\MM32L0xx\Source\KEIL_StartAsm\startup_MM3
2L0xx.s
      At line 175 in file ..\..\Device\MM32L0xx\Source\KEIL_StartAsm\startup_MM
32L0xx.s

TIM17_IRQHandler 00000030

Symbol: TIM17_IRQHandler
   Definitions
      At line 205 in file ..\..\Device\MM32L0xx\Source\KEIL_StartAsm\startup_MM
32L0xx.s
   Uses
      At line 76 in file ..\..\Device\MM32L0xx\Source\KEIL_StartAsm\startup_MM3
2L0xx.s
      At line 176 in file ..\..\Device\MM32L0xx\Source\KEIL_StartAsm\startup_MM
32L0xx.s

TIM1_BRK_UP_TRG_COM_IRQHandler 00000030

Symbol: TIM1_BRK_UP_TRG_COM_IRQHandler
   Definitions
      At line 199 in file ..\..\Device\MM32L0xx\Source\KEIL_StartAsm\startup_MM
32L0xx.s
   Uses
      At line 67 in file ..\..\Device\MM32L0xx\Source\KEIL_StartAsm\startup_MM3
2L0xx.s
      At line 170 in file ..\..\Device\MM32L0xx\Source\KEIL_StartAsm\startup_MM
32L0xx.s

TIM1_CC_IRQHandler 00000030

Symbol: TIM1_CC_IRQHandler
   Definitions
      At line 200 in file ..\..\Device\MM32L0xx\Source\KEIL_StartAsm\startup_MM
32L0xx.s
   Uses
      At line 68 in file ..\..\Device\MM32L0xx\Source\KEIL_StartAsm\startup_MM3
2L0xx.s
      At line 171 in file ..\..\Device\MM32L0xx\Source\KEIL_StartAsm\startup_MM
32L0xx.s

TIM2_IRQHandler 00000030




ARM Macro Assembler    Page 7 Alphabetic symbol ordering
Relocatable symbols

Symbol: TIM2_IRQHandler
   Definitions
      At line 201 in file ..\..\Device\MM32L0xx\Source\KEIL_StartAsm\startup_MM
32L0xx.s
   Uses
      At line 69 in file ..\..\Device\MM32L0xx\Source\KEIL_StartAsm\startup_MM3
2L0xx.s
      At line 172 in file ..\..\Device\MM32L0xx\Source\KEIL_StartAsm\startup_MM
32L0xx.s

TIM3_IRQHandler 00000030

Symbol: TIM3_IRQHandler
   Definitions
      At line 202 in file ..\..\Device\MM32L0xx\Source\KEIL_StartAsm\startup_MM
32L0xx.s
   Uses
      At line 70 in file ..\..\Device\MM32L0xx\Source\KEIL_StartAsm\startup_MM3
2L0xx.s
      At line 173 in file ..\..\Device\MM32L0xx\Source\KEIL_StartAsm\startup_MM
32L0xx.s

UART1_IRQHandler 00000030

Symbol: UART1_IRQHandler
   Definitions
      At line 209 in file ..\..\Device\MM32L0xx\Source\KEIL_StartAsm\startup_MM
32L0xx.s
   Uses
      At line 81 in file ..\..\Device\MM32L0xx\Source\KEIL_StartAsm\startup_MM3
2L0xx.s
      At line 180 in file ..\..\Device\MM32L0xx\Source\KEIL_StartAsm\startup_MM
32L0xx.s

UART2_IRQHandler 00000030

Symbol: UART2_IRQHandler
   Definitions
      At line 210 in file ..\..\Device\MM32L0xx\Source\KEIL_StartAsm\startup_MM
32L0xx.s
   Uses
      At line 82 in file ..\..\Device\MM32L0xx\Source\KEIL_StartAsm\startup_MM3
2L0xx.s
      At line 181 in file ..\..\Device\MM32L0xx\Source\KEIL_StartAsm\startup_MM
32L0xx.s

USB_IRQHandler 00000030

Symbol: USB_IRQHandler
   Definitions
      At line 213 in file ..\..\Device\MM32L0xx\Source\KEIL_StartAsm\startup_MM
32L0xx.s
   Uses
      At line 85 in file ..\..\Device\MM32L0xx\Source\KEIL_StartAsm\startup_MM3
2L0xx.s
      At line 184 in file ..\..\Device\MM32L0xx\Source\KEIL_StartAsm\startup_MM
32L0xx.s

WWDG_IRQHandler 00000030



ARM Macro Assembler    Page 8 Alphabetic symbol ordering
Relocatable symbols


Symbol: WWDG_IRQHandler
   Definitions
      At line 187 in file ..\..\Device\MM32L0xx\Source\KEIL_StartAsm\startup_MM
32L0xx.s
   Uses
      At line 54 in file ..\..\Device\MM32L0xx\Source\KEIL_StartAsm\startup_MM3
2L0xx.s
      At line 158 in file ..\..\Device\MM32L0xx\Source\KEIL_StartAsm\startup_MM
32L0xx.s

__user_initial_stackheap 00000034

Symbol: __user_initial_stackheap
   Definitions
      At line 235 in file ..\..\Device\MM32L0xx\Source\KEIL_StartAsm\startup_MM
32L0xx.s
   Uses
      At line 233 in file ..\..\Device\MM32L0xx\Source\KEIL_StartAsm\startup_MM
32L0xx.s
Comment: __user_initial_stackheap used once
37 symbols



ARM Macro Assembler    Page 1 Alphabetic symbol ordering
Absolute symbols

Heap_Size 00000200

Symbol: Heap_Size
   Definitions
      At line 19 in file ..\..\Device\MM32L0xx\Source\KEIL_StartAsm\startup_MM3
2L0xx.s
   Uses
      At line 23 in file ..\..\Device\MM32L0xx\Source\KEIL_StartAsm\startup_MM3
2L0xx.s
      At line 239 in file ..\..\Device\MM32L0xx\Source\KEIL_StartAsm\startup_MM
32L0xx.s

Stack_Size 00000400

Symbol: Stack_Size
   Definitions
      At line 8 in file ..\..\Device\MM32L0xx\Source\KEIL_StartAsm\startup_MM32
L0xx.s
   Uses
      At line 11 in file ..\..\Device\MM32L0xx\Source\KEIL_StartAsm\startup_MM3
2L0xx.s
      At line 238 in file ..\..\Device\MM32L0xx\Source\KEIL_StartAsm\startup_MM
32L0xx.s

__Vectors_Size 000000C0

Symbol: __Vectors_Size
   Definitions
      At line 89 in file ..\..\Device\MM32L0xx\Source\KEIL_StartAsm\startup_MM3
2L0xx.s
   Uses
      At line 34 in file ..\..\Device\MM32L0xx\Source\KEIL_StartAsm\startup_MM3
2L0xx.s
Comment: __Vectors_Size used once
3 symbols



ARM Macro Assembler    Page 1 Alphabetic symbol ordering
External symbols

SystemInit 00000000

Symbol: SystemInit
   Definitions
      At line 97 in file ..\..\Device\MM32L0xx\Source\KEIL_StartAsm\startup_MM3
2L0xx.s
   Uses
      At line 126 in file ..\..\Device\MM32L0xx\Source\KEIL_StartAsm\startup_MM
32L0xx.s
Comment: SystemInit used once
__main 00000000

Symbol: __main
   Definitions
      At line 96 in file ..\..\Device\MM32L0xx\Source\KEIL_StartAsm\startup_MM3
2L0xx.s
   Uses
      At line 128 in file ..\..\Device\MM32L0xx\Source\KEIL_StartAsm\startup_MM
32L0xx.s
Comment: __main used once
__use_two_region_memory 00000000

Symbol: __use_two_region_memory
   Definitions
      At line 232 in file ..\..\Device\MM32L0xx\Source\KEIL_StartAsm\startup_MM
32L0xx.s
   Uses
      None
Comment: __use_two_region_memory unused
3 symbols
390 symbols in table
