


ARM Macro Assembler    Page 1 


    1 00000000         ;******************** (C) COPYRIGHT 2018 MindMotion ****
                       ****************
    2 00000000         ; Amount of memory (in bytes) allocated for Stack
    3 00000000         ; Tailor this value to your application needs
    4 00000000         ; <h> Stack Configuration
    5 00000000         ;   <o> Stack Size (in Bytes) <0x0-0xFFFFFFFF:8>
    6 00000000         ; </h>
    7 00000000         
    8 00000000 00000400 
                       Stack_Size
                               EQU              0x00000400
    9 00000000         
   10 00000000                 AREA             STACK, NOINIT, READWRITE, ALIGN
=3
   11 00000000         Stack_Mem
                               SPACE            Stack_Size
   12 00000400         __initial_sp
   13 00000400         
   14 00000400         ; <h> Heap Configuration
   15 00000400         ;   <o>  Heap Size (in Bytes) <0x0-0xFFFFFFFF:8>
   16 00000400         ; </h>
   17 00000400 00000200 
                       Heap_Size
                               EQU              0x00000200
   18 00000400         
   19 00000400                 AREA             HEAP, NOINIT, READWRITE, ALIGN=
3
   20 00000000         __heap_base
   21 00000000         Heap_Mem
                               SPACE            Heap_Size
   22 00000200         __heap_limit
   23 00000200         
   24 00000200                 PRESERVE8
   25 00000200                 THUMB
   26 00000200         
   27 00000200         ; Vector Table Mapped to Address 0 at Reset
   28 00000200                 AREA             RESET, DATA, READONLY
   29 00000000                 EXPORT           __Vectors
   30 00000000                 EXPORT           __Vectors_End
   31 00000000                 EXPORT           __Vectors_Size
   32 00000000         
   33 00000000 00000000 
                       __Vectors
                               DCD              __initial_sp ; Top of Stack
   34 00000004 00000000        DCD              Reset_Handler ; Reset Handler
   35 00000008 00000000        DCD              NMI_Handler ; NMI Handler
   36 0000000C 00000000        DCD              HardFault_Handler ; Hard Fault 
                                                            Handler
   37 00000010 00000000        DCD              MemManage_Handler 
                                                            ; MPU Fault Handler
                                                            
   38 00000014 00000000        DCD              BusFault_Handler 
                                                            ; Bus Fault Handler
                                                            
   39 00000018 00000000        DCD              UsageFault_Handler ; Usage Faul
                                                            t Handler
   40 0000001C 00000000        DCD              0           ; Reserved
   41 00000020 00000000        DCD              0           ; Reserved
   42 00000024 00000000        DCD              0           ; Reserved



ARM Macro Assembler    Page 2 


   43 00000028 00000000        DCD              0           ; Reserved
   44 0000002C 00000000        DCD              SVC_Handler ; SVCall Handler
   45 00000030 00000000        DCD              DebugMon_Handler ; Debug Monito
                                                            r Handler
   46 00000034 00000000        DCD              0           ; Reserved
   47 00000038 00000000        DCD              PendSV_Handler ; PendSV Handler
                                                            
   48 0000003C 00000000        DCD              SysTick_Handler ; SysTick Handl
                                                            er  ; External Inte
                                                            rrupts     
   49 00000040 00000000        DCD              WWDG_IRQHandler 
                                                            ; Window Watchdog
   50 00000044 00000000        DCD              PVD_IRQHandler ; PVD through EX
                                                            TI Line detect
   51 00000048 00000000        DCD              TAMPER_IRQHandler ; Tamper
   52 0000004C 00000000        DCD              RTC_IRQHandler ; RTC
   53 00000050 00000000        DCD              FLASH_IRQHandler ; Flash
   54 00000054 00000000        DCD              RCC_CRS_IRQHandler ; RCC
   55 00000058 00000000        DCD              EXTI0_IRQHandler ; EXTI Line 0
   56 0000005C 00000000        DCD              EXTI1_IRQHandler ; EXTI Line 1
   57 00000060 00000000        DCD              EXTI2_IRQHandler ; EXTI Line 2
   58 00000064 00000000        DCD              EXTI3_IRQHandler ; EXTI Line 3
   59 00000068 00000000        DCD              EXTI4_IRQHandler ; EXTI Line 4
   60 0000006C 00000000        DCD              DMA1_Channel1_IRQHandler 
                                                            ; DMA1 Channel 1
   61 00000070 00000000        DCD              DMA1_Channel2_IRQHandler 
                                                            ; DMA1 Channel 2
   62 00000074 00000000        DCD              DMA1_Channel3_IRQHandler 
                                                            ; DMA1 Channel 3
   63 00000078 00000000        DCD              DMA1_Channel4_IRQHandler 
                                                            ; DMA1 Channel 4
   64 0000007C 00000000        DCD              DMA1_Channel5_IRQHandler 
                                                            ; DMA1 Channel 5
   65 00000080 00000000        DCD              DMA1_Channel6_IRQHandler 
                                                            ; DMA1 Channel 6
   66 00000084 00000000        DCD              DMA1_Channel7_IRQHandler 
                                                            ; DMA1 Channel 7
   67 00000088 00000000        DCD              ADC1_IRQHandler ; ADC1
   68 0000008C 00000000        DCD              0           ; Reserved
   69 00000090 00000000        DCD              0           ; Reserved
   70 00000094 00000000        DCD              CAN1_RX_IRQHandler ; CAN1_RX
   71 00000098 00000000        DCD              0           ; Reserved
   72 0000009C 00000000        DCD              EXTI9_5_IRQHandler 
                                                            ; EXTI Line 9..5
   73 000000A0 00000000        DCD              TIM1_BRK_IRQHandler 
                                                            ; TIM1 Break
   74 000000A4 00000000        DCD              TIM1_UP_IRQHandler 
                                                            ; TIM1 Update
   75 000000A8 00000000        DCD              TIM1_TRG_COM_IRQHandler ; TIM1 
                                                            Trigger and Commuta
                                                            tion
   76 000000AC 00000000        DCD              TIM1_CC_IRQHandler ; TIM1 Captu
                                                            re Compare
   77 000000B0 00000000        DCD              TIM2_IRQHandler ; TIM2
   78 000000B4 00000000        DCD              TIM3_IRQHandler ; TIM3
   79 000000B8 00000000        DCD              TIM4_IRQHandler ; TIM4
   80 000000BC 00000000        DCD              I2C1_IRQHandler ; I2C1 Event
   81 000000C0 00000000        DCD              0           ; Reserved
   82 000000C4 00000000        DCD              I2C2_IRQHandler ; I2C2 Event



ARM Macro Assembler    Page 3 


   83 000000C8 00000000        DCD              0           ; Reserved
   84 000000CC 00000000        DCD              SPI1_IRQHandler ; SPI1
   85 000000D0 00000000        DCD              SPI2_IRQHandler ; SPI2
   86 000000D4 00000000        DCD              UART1_IRQHandler ; UART1
   87 000000D8 00000000        DCD              UART2_IRQHandler ; UART2
   88 000000DC 00000000        DCD              UART3_IRQHandler ; UART3
   89 000000E0 00000000        DCD              EXTI15_10_IRQHandler 
                                                            ; EXTI Line 15..10
   90 000000E4 00000000        DCD              RTCAlarm_IRQHandler ; RTC Alarm
                                                             through EXTI Line 
                                                            17
   91 000000E8 00000000        DCD              USB_WKUP_IRQHandler ; USB Wakeu
                                                            p from suspend
   92 000000EC 00000000        DCD              TIM8_BRK_IRQHandler 
                                                            ; TIM8 Break
   93 000000F0 00000000        DCD              TIM8_UP_IRQHandler 
                                                            ; TIM8 Update
   94 000000F4 00000000        DCD              TIM8_TRG_COM_IRQHandler ; TIM8 
                                                            Trigger and Commuta
                                                            tion
   95 000000F8 00000000        DCD              TIM8_CC_IRQHandler ; TIM8 Captu
                                                            re Compare
   96 000000FC 00000000        DCD              0           ; Reserved
   97 00000100 00000000        DCD              0           ; Reserved
   98 00000104 00000000        DCD              SDIO_IRQHandler ; SDIO
   99 00000108 00000000        DCD              TIM5_IRQHandler ; TIM5
  100 0000010C 00000000        DCD              SPI3_IRQHandler ; SPI3
  101 00000110 00000000        DCD              UART4_IRQHandler ; UART4
  102 00000114 00000000        DCD              UART5_IRQHandler ; UART5
  103 00000118 00000000        DCD              TIM6_IRQHandler ; TIM6
  104 0000011C 00000000        DCD              TIM7_IRQHandler ; TIM7
  105 00000120 00000000        DCD              DMA2_Channel1_IRQHandler 
                                                            ; DMA2 Channel 1
  106 00000124 00000000        DCD              DMA2_Channel2_IRQHandler 
                                                            ; DMA2 Channel 2
  107 00000128 00000000        DCD              DMA2_Channel3_IRQHandler 
                                                            ; DMA2 Channel 3
  108 0000012C 00000000        DCD              DMA2_Channel4_IRQHandler 
                                                            ; DMA2 Channel 4
  109 00000130 00000000        DCD              DMA2_Channel5_IRQHandler 
                                                            ; DMA2 Channel 5
  110 00000134 00000000        DCD              ETHERNET_MAC_IRQHandler 
                                                            ; Ethernet
  111 00000138 00000000        DCD              0           ; Reserved
  112 0000013C 00000000        DCD              0           ; Reserved
  113 00000140 00000000        DCD              COMP1_2_IRQHandler 
                                                            ; COMP1,COMP2
  114 00000144 00000000        DCD              0           ; Reserved
  115 00000148 00000000        DCD              0           ; Reserved
  116 0000014C 00000000        DCD              USB_OTG_FS_IRQHandler ; USB_FS
  117 00000150 00000000        DCD              0           ; Reserved
  118 00000154 00000000        DCD              0           ; Reserved
  119 00000158 00000000        DCD              0           ; Reserved
  120 0000015C 00000000        DCD              UART6_IRQHandler ; UART6  
  121 00000160 00000000        DCD              0           ; Reserved
  122 00000164 00000000        DCD              0           ; Reserved
  123 00000168 00000000        DCD              0           ; Reserved
  124 0000016C 00000000        DCD              0           ; Reserved
  125 00000170 00000000        DCD              0           ; Reserved



ARM Macro Assembler    Page 4 


  126 00000174 00000000        DCD              0           ; Reserved
  127 00000178 00000000        DCD              0           ; Reserved
  128 0000017C 00000000        DCD              AES_IRQHandler ; AES
  129 00000180 00000000        DCD              TRNG_IRQHandler ; TRNG
  130 00000184 00000000        DCD              0           ; Reserved
  131 00000188 00000000        DCD              UART7_IRQHandler ; UART7
  132 0000018C 00000000        DCD              UART8_IRQHandler ; UART8
  133 00000190 00000000        DCD              0           ; Reserved
  134 00000194 00000000        DCD              0           ; Reserved
  135 00000198 00000000        DCD              0           ; Reserved
  136 0000019C 00000000        DCD              0           ; Reserved
  137 000001A0 00000000        DCD              0           ; Reserved
  138 000001A4 00000000        DCD              0           ; Reserved
  139 000001A8 00000000        DCD              0           ; Reserved
  140 000001AC 00000000        DCD              0           ; Reserved
  141 000001B0 00000000        DCD              0           ; Reserved
  142 000001B4         
  143 000001B4         __Vectors_End
  144 000001B4         
  145 000001B4 000001B4 
                       __Vectors_Size
                               EQU              __Vectors_End - __Vectors
  146 000001B4         
  147 000001B4                 AREA             |.text|, CODE, READONLY
  148 00000000         
  149 00000000         ; Reset handler
  150 00000000         Reset_Handler
                               PROC
  151 00000000                 EXPORT           Reset_Handler             [WEAK
]
  152 00000000                 IMPORT           __main
  153 00000000                 IMPORT           SystemInit
  154 00000000 4806            LDR              R0, =SystemInit
  155 00000002 4780            BLX              R0
  156 00000004 4806            LDR              R0, =__main
  157 00000006 4700            BX               R0
  158 00000008                 ENDP
  159 00000008         
  160 00000008         ; Dummy Exception Handlers (infinite loops which can be 
                       modified)
  161 00000008         
  162 00000008         NMI_Handler
                               PROC
  163 00000008                 EXPORT           NMI_Handler                [WEA
K]
  164 00000008 E7FE            B                .
  165 0000000A                 ENDP
  167 0000000A         HardFault_Handler
                               PROC
  168 0000000A                 EXPORT           HardFault_Handler          [WEA
K]
  169 0000000A E7FE            B                .
  170 0000000C                 ENDP
  172 0000000C         MemManage_Handler
                               PROC
  173 0000000C                 EXPORT           MemManage_Handler          [WEA
K]
  174 0000000C E7FE            B                .
  175 0000000E                 ENDP



ARM Macro Assembler    Page 5 


  177 0000000E         BusFault_Handler
                               PROC
  178 0000000E                 EXPORT           BusFault_Handler           [WEA
K]
  179 0000000E E7FE            B                .
  180 00000010                 ENDP
  182 00000010         UsageFault_Handler
                               PROC
  183 00000010                 EXPORT           UsageFault_Handler         [WEA
K]
  184 00000010 E7FE            B                .
  185 00000012                 ENDP
  186 00000012         SVC_Handler
                               PROC
  187 00000012                 EXPORT           SVC_Handler                [WEA
K]
  188 00000012 E7FE            B                .
  189 00000014                 ENDP
  191 00000014         DebugMon_Handler
                               PROC
  192 00000014                 EXPORT           DebugMon_Handler           [WEA
K]
  193 00000014 E7FE            B                .
  194 00000016                 ENDP
  195 00000016         PendSV_Handler
                               PROC
  196 00000016                 EXPORT           PendSV_Handler             [WEA
K]
  197 00000016 E7FE            B                .
  198 00000018                 ENDP
  199 00000018         SysTick_Handler
                               PROC
  200 00000018                 EXPORT           SysTick_Handler            [WEA
K]
  201 00000018 E7FE            B                .
  202 0000001A                 ENDP
  203 0000001A         
  204 0000001A         Default_Handler
                               PROC
  205 0000001A         
  206 0000001A                 EXPORT           WWDG_IRQHandler            [WEA
K]
  207 0000001A                 EXPORT           PVD_IRQHandler             [WEA
K]
  208 0000001A                 EXPORT           TAMPER_IRQHandler          [WEA
K]
  209 0000001A                 EXPORT           RTC_IRQHandler             [WEA
K]
  210 0000001A                 EXPORT           FLASH_IRQHandler           [WEA
K]
  211 0000001A                 EXPORT           RCC_CRS_IRQHandler         [WEA
K]
  212 0000001A                 EXPORT           EXTI0_IRQHandler           [WEA
K]
  213 0000001A                 EXPORT           EXTI1_IRQHandler           [WEA
K]
  214 0000001A                 EXPORT           EXTI2_IRQHandler           [WEA
K]
  215 0000001A                 EXPORT           EXTI3_IRQHandler           [WEA



ARM Macro Assembler    Page 6 


K]
  216 0000001A                 EXPORT           EXTI4_IRQHandler           [WEA
K]
  217 0000001A                 EXPORT           DMA1_Channel1_IRQHandler   [WEA
K]
  218 0000001A                 EXPORT           DMA1_Channel2_IRQHandler   [WEA
K]
  219 0000001A                 EXPORT           DMA1_Channel3_IRQHandler   [WEA
K]
  220 0000001A                 EXPORT           DMA1_Channel4_IRQHandler   [WEA
K]
  221 0000001A                 EXPORT           DMA1_Channel5_IRQHandler   [WEA
K]
  222 0000001A                 EXPORT           DMA1_Channel6_IRQHandler   [WEA
K]
  223 0000001A                 EXPORT           DMA1_Channel7_IRQHandler   [WEA
K]
  224 0000001A                 EXPORT           ADC1_IRQHandler            [WEA
K]
  225 0000001A                 EXPORT           CAN1_RX_IRQHandler         [WEA
K] 
                                                            ;CHEND
  226 0000001A                 EXPORT           EXTI9_5_IRQHandler         [WEA
K]
  227 0000001A                 EXPORT           TIM1_BRK_IRQHandler        [WEA
K]
  228 0000001A                 EXPORT           TIM1_UP_IRQHandler         [WEA
K]
  229 0000001A                 EXPORT           TIM1_TRG_COM_IRQHandler    [WEA
K]
  230 0000001A                 EXPORT           TIM1_CC_IRQHandler         [WEA
K]
  231 0000001A                 EXPORT           TIM2_IRQHandler            [WEA
K]
  232 0000001A                 EXPORT           TIM3_IRQHandler            [WEA
K]
  233 0000001A                 EXPORT           TIM4_IRQHandler            [WEA
K]
  234 0000001A                 EXPORT           I2C1_IRQHandler            [WEA
K]
  235 0000001A                 EXPORT           I2C2_IRQHandler            [WEA
K]
  236 0000001A                 EXPORT           SPI1_IRQHandler            [WEA
K]
  237 0000001A                 EXPORT           SPI2_IRQHandler            [WEA
K]
  238 0000001A                 EXPORT           UART1_IRQHandler           [WEA
K]
  239 0000001A                 EXPORT           UART2_IRQHandler           [WEA
K]
  240 0000001A                 EXPORT           UART3_IRQHandler           [WEA
K]
  241 0000001A                 EXPORT           EXTI15_10_IRQHandler       [WEA
K]
  242 0000001A                 EXPORT           RTCAlarm_IRQHandler        [WEA
K]
  243 0000001A                 EXPORT           USB_WKUP_IRQHandler        [WEA
K] 
                                                            ;CHEND



ARM Macro Assembler    Page 7 


  244 0000001A                 EXPORT           TIM8_BRK_IRQHandler        [WEA
K]
  245 0000001A                 EXPORT           TIM8_UP_IRQHandler         [WEA
K]
  246 0000001A                 EXPORT           TIM8_TRG_COM_IRQHandler    [WEA
K]
  247 0000001A                 EXPORT           TIM8_CC_IRQHandler         [WEA
K]
  248 0000001A                 EXPORT           SDIO_IRQHandler            [WEA
K]
  249 0000001A                 EXPORT           TIM5_IRQHandler            [WEA
K]
  250 0000001A                 EXPORT           SPI3_IRQHandler            [WEA
K]
  251 0000001A                 EXPORT           UART4_IRQHandler           [WEA
K]
  252 0000001A                 EXPORT           UART5_IRQHandler           [WEA
K]
  253 0000001A                 EXPORT           TIM6_IRQHandler            [WEA
K]
  254 0000001A                 EXPORT           TIM7_IRQHandler            [WEA
K]
  255 0000001A                 EXPORT           DMA2_Channel1_IRQHandler   [WEA
K]
  256 0000001A                 EXPORT           DMA2_Channel2_IRQHandler   [WEA
K]
  257 0000001A                 EXPORT           DMA2_Channel3_IRQHandler   [WEA
K]
  258 0000001A                 EXPORT           DMA2_Channel4_IRQHandler   [WEA
K]
  259 0000001A                 EXPORT           DMA2_Channel5_IRQHandler   [WEA
K]
  260 0000001A                 EXPORT           ETHERNET_MAC_IRQHandler    [WEA
K] 
                                                            ;CHEND
  261 0000001A                 EXPORT           COMP1_2_IRQHandler         [WEA
K]
  262 0000001A                 EXPORT           USB_OTG_FS_IRQHandler         [
WEAK] 
                                                            ;CHEND
  263 0000001A                 EXPORT           UART6_IRQHandler           [WEA
K]
  264 0000001A                 EXPORT           AES_IRQHandler             [WEA
K]
  265 0000001A                 EXPORT           TRNG_IRQHandler            [WEA
K]
  266 0000001A                 EXPORT           UART7_IRQHandler           [WEA
K]
  267 0000001A                 EXPORT           UART8_IRQHandler           [WEA
K]
  268 0000001A         
  269 0000001A         WWDG_IRQHandler
  270 0000001A         PVD_IRQHandler
  271 0000001A         TAMPER_IRQHandler
  272 0000001A         RTC_IRQHandler
  273 0000001A         FLASH_IRQHandler
  274 0000001A         RCC_CRS_IRQHandler
  275 0000001A         EXTI0_IRQHandler
  276 0000001A         EXTI1_IRQHandler



ARM Macro Assembler    Page 8 


  277 0000001A         EXTI2_IRQHandler
  278 0000001A         EXTI3_IRQHandler
  279 0000001A         EXTI4_IRQHandler
  280 0000001A         DMA1_Channel1_IRQHandler
  281 0000001A         DMA1_Channel2_IRQHandler
  282 0000001A         DMA1_Channel3_IRQHandler
  283 0000001A         DMA1_Channel4_IRQHandler
  284 0000001A         DMA1_Channel5_IRQHandler
  285 0000001A         DMA1_Channel6_IRQHandler
  286 0000001A         DMA1_Channel7_IRQHandler
  287 0000001A         ADC1_IRQHandler
  288 0000001A         CAN1_RX_IRQHandler
  289 0000001A         EXTI9_5_IRQHandler
  290 0000001A         TIM1_BRK_IRQHandler
  291 0000001A         TIM1_UP_IRQHandler
  292 0000001A         TIM1_TRG_COM_IRQHandler
  293 0000001A         TIM1_CC_IRQHandler
  294 0000001A         TIM2_IRQHandler
  295 0000001A         TIM3_IRQHandler
  296 0000001A         TIM4_IRQHandler
  297 0000001A         I2C1_IRQHandler
  298 0000001A         I2C2_IRQHandler
  299 0000001A         SPI1_IRQHandler
  300 0000001A         SPI2_IRQHandler
  301 0000001A         UART1_IRQHandler
  302 0000001A         UART2_IRQHandler
  303 0000001A         UART3_IRQHandler
  304 0000001A         EXTI15_10_IRQHandler
  305 0000001A         RTCAlarm_IRQHandler
  306 0000001A         USB_WKUP_IRQHandler
  307 0000001A         TIM8_BRK_IRQHandler
  308 0000001A         TIM8_UP_IRQHandler
  309 0000001A         TIM8_TRG_COM_IRQHandler
  310 0000001A         TIM8_CC_IRQHandler
  311 0000001A         SDIO_IRQHandler
  312 0000001A         TIM5_IRQHandler
  313 0000001A         SPI3_IRQHandler
  314 0000001A         UART4_IRQHandler
  315 0000001A         UART5_IRQHandler
  316 0000001A         TIM6_IRQHandler
  317 0000001A         TIM7_IRQHandler
  318 0000001A         DMA2_Channel1_IRQHandler
  319 0000001A         DMA2_Channel2_IRQHandler
  320 0000001A         DMA2_Channel3_IRQHandler
  321 0000001A         DMA2_Channel4_IRQHandler
  322 0000001A         DMA2_Channel5_IRQHandler
  323 0000001A         ETHERNET_MAC_IRQHandler
  324 0000001A         COMP1_2_IRQHandler
  325 0000001A         USB_OTG_FS_IRQHandler
  326 0000001A         UART6_IRQHandler
  327 0000001A         AES_IRQHandler
  328 0000001A         TRNG_IRQHandler
  329 0000001A         UART7_IRQHandler
  330 0000001A         UART8_IRQHandler
  331 0000001A         
  332 0000001A         
  333 0000001A E7FE            B                .
  334 0000001C         
  335 0000001C                 ENDP



ARM Macro Assembler    Page 9 


  336 0000001C         
  337 0000001C                 ALIGN
  338 0000001C         
  339 0000001C         ;*******************************************************
                       ************************
  340 0000001C         ; User Stack and Heap initialization
  341 0000001C         ;*******************************************************
                       ************************
  342 0000001C                 IF               :DEF:__MICROLIB
  343 0000001C         
  344 0000001C                 EXPORT           __initial_sp
  345 0000001C                 EXPORT           __heap_base
  346 0000001C                 EXPORT           __heap_limit
  347 0000001C         
  348 0000001C                 ELSE
  363                          ENDIF
  364 0000001C         
  365 0000001C                 END
              00000000 
              00000000 
Command Line: --debug --xref --diag_suppress=9931 --cpu=Cortex-M3 --apcs=interw
ork --depend=.\obj\debuginflash\startup_mm32f103xcxe_o.d -o.\obj\debuginflash\s
tartup_mm32f103xcxe_o.o -IC:\Keil_v5\ARM\CMSIS\Include -IC:\Users\24716\AppData
\Local\Arm\Packs\MindMotion\MM32F103xCxE_DFP\1.0.4\Device\Include --predefine="
__MICROLIB SETA 1" --predefine="__UVISION_VERSION SETA 531" --list=.\startup_mm
32f103xcxe_o.lst ..\..\..\..\..\Device\MM32F103xCxE_o\Source\KEIL_StartAsm\star
tup_MM32F103xCxE_o.s



ARM Macro Assembler    Page 1 Alphabetic symbol ordering
Relocatable symbols

STACK 00000000

Symbol: STACK
   Definitions
      At line 10 in file ..\..\..\..\..\Device\MM32F103xCxE_o\Source\KEIL_Start
Asm\startup_MM32F103xCxE_o.s
   Uses
      None
Comment: STACK unused
Stack_Mem 00000000

Symbol: Stack_Mem
   Definitions
      At line 11 in file ..\..\..\..\..\Device\MM32F103xCxE_o\Source\KEIL_Start
Asm\startup_MM32F103xCxE_o.s
   Uses
      None
Comment: Stack_Mem unused
__initial_sp 00000400

Symbol: __initial_sp
   Definitions
      At line 12 in file ..\..\..\..\..\Device\MM32F103xCxE_o\Source\KEIL_Start
Asm\startup_MM32F103xCxE_o.s
   Uses
      At line 33 in file ..\..\..\..\..\Device\MM32F103xCxE_o\Source\KEIL_Start
Asm\startup_MM32F103xCxE_o.s
      At line 344 in file ..\..\..\..\..\Device\MM32F103xCxE_o\Source\KEIL_Star
tAsm\startup_MM32F103xCxE_o.s

3 symbols



ARM Macro Assembler    Page 1 Alphabetic symbol ordering
Relocatable symbols

HEAP 00000000

Symbol: HEAP
   Definitions
      At line 19 in file ..\..\..\..\..\Device\MM32F103xCxE_o\Source\KEIL_Start
Asm\startup_MM32F103xCxE_o.s
   Uses
      None
Comment: HEAP unused
Heap_Mem 00000000

Symbol: Heap_Mem
   Definitions
      At line 21 in file ..\..\..\..\..\Device\MM32F103xCxE_o\Source\KEIL_Start
Asm\startup_MM32F103xCxE_o.s
   Uses
      None
Comment: Heap_Mem unused
__heap_base 00000000

Symbol: __heap_base
   Definitions
      At line 20 in file ..\..\..\..\..\Device\MM32F103xCxE_o\Source\KEIL_Start
Asm\startup_MM32F103xCxE_o.s
   Uses
      At line 345 in file ..\..\..\..\..\Device\MM32F103xCxE_o\Source\KEIL_Star
tAsm\startup_MM32F103xCxE_o.s
Comment: __heap_base used once
__heap_limit 00000200

Symbol: __heap_limit
   Definitions
      At line 22 in file ..\..\..\..\..\Device\MM32F103xCxE_o\Source\KEIL_Start
Asm\startup_MM32F103xCxE_o.s
   Uses
      At line 346 in file ..\..\..\..\..\Device\MM32F103xCxE_o\Source\KEIL_Star
tAsm\startup_MM32F103xCxE_o.s
Comment: __heap_limit used once
4 symbols



ARM Macro Assembler    Page 1 Alphabetic symbol ordering
Relocatable symbols

RESET 00000000

Symbol: RESET
   Definitions
      At line 28 in file ..\..\..\..\..\Device\MM32F103xCxE_o\Source\KEIL_Start
Asm\startup_MM32F103xCxE_o.s
   Uses
      None
Comment: RESET unused
__Vectors 00000000

Symbol: __Vectors
   Definitions
      At line 33 in file ..\..\..\..\..\Device\MM32F103xCxE_o\Source\KEIL_Start
Asm\startup_MM32F103xCxE_o.s
   Uses
      At line 29 in file ..\..\..\..\..\Device\MM32F103xCxE_o\Source\KEIL_Start
Asm\startup_MM32F103xCxE_o.s
      At line 145 in file ..\..\..\..\..\Device\MM32F103xCxE_o\Source\KEIL_Star
tAsm\startup_MM32F103xCxE_o.s

__Vectors_End 000001B4

Symbol: __Vectors_End
   Definitions
      At line 143 in file ..\..\..\..\..\Device\MM32F103xCxE_o\Source\KEIL_Star
tAsm\startup_MM32F103xCxE_o.s
   Uses
      At line 30 in file ..\..\..\..\..\Device\MM32F103xCxE_o\Source\KEIL_Start
Asm\startup_MM32F103xCxE_o.s
      At line 145 in file ..\..\..\..\..\Device\MM32F103xCxE_o\Source\KEIL_Star
tAsm\startup_MM32F103xCxE_o.s

3 symbols



ARM Macro Assembler    Page 1 Alphabetic symbol ordering
Relocatable symbols

.text 00000000

Symbol: .text
   Definitions
      At line 147 in file ..\..\..\..\..\Device\MM32F103xCxE_o\Source\KEIL_Star
tAsm\startup_MM32F103xCxE_o.s
   Uses
      None
Comment: .text unused
ADC1_IRQHandler 0000001A

Symbol: ADC1_IRQHandler
   Definitions
      At line 287 in file ..\..\..\..\..\Device\MM32F103xCxE_o\Source\KEIL_Star
tAsm\startup_MM32F103xCxE_o.s
   Uses
      At line 67 in file ..\..\..\..\..\Device\MM32F103xCxE_o\Source\KEIL_Start
Asm\startup_MM32F103xCxE_o.s
      At line 224 in file ..\..\..\..\..\Device\MM32F103xCxE_o\Source\KEIL_Star
tAsm\startup_MM32F103xCxE_o.s

AES_IRQHandler 0000001A

Symbol: AES_IRQHandler
   Definitions
      At line 327 in file ..\..\..\..\..\Device\MM32F103xCxE_o\Source\KEIL_Star
tAsm\startup_MM32F103xCxE_o.s
   Uses
      At line 128 in file ..\..\..\..\..\Device\MM32F103xCxE_o\Source\KEIL_Star
tAsm\startup_MM32F103xCxE_o.s
      At line 264 in file ..\..\..\..\..\Device\MM32F103xCxE_o\Source\KEIL_Star
tAsm\startup_MM32F103xCxE_o.s

BusFault_Handler 0000000E

Symbol: BusFault_Handler
   Definitions
      At line 177 in file ..\..\..\..\..\Device\MM32F103xCxE_o\Source\KEIL_Star
tAsm\startup_MM32F103xCxE_o.s
   Uses
      At line 38 in file ..\..\..\..\..\Device\MM32F103xCxE_o\Source\KEIL_Start
Asm\startup_MM32F103xCxE_o.s
      At line 178 in file ..\..\..\..\..\Device\MM32F103xCxE_o\Source\KEIL_Star
tAsm\startup_MM32F103xCxE_o.s

CAN1_RX_IRQHandler 0000001A

Symbol: CAN1_RX_IRQHandler
   Definitions
      At line 288 in file ..\..\..\..\..\Device\MM32F103xCxE_o\Source\KEIL_Star
tAsm\startup_MM32F103xCxE_o.s
   Uses
      At line 70 in file ..\..\..\..\..\Device\MM32F103xCxE_o\Source\KEIL_Start
Asm\startup_MM32F103xCxE_o.s
      At line 225 in file ..\..\..\..\..\Device\MM32F103xCxE_o\Source\KEIL_Star
tAsm\startup_MM32F103xCxE_o.s

COMP1_2_IRQHandler 0000001A




ARM Macro Assembler    Page 2 Alphabetic symbol ordering
Relocatable symbols

Symbol: COMP1_2_IRQHandler
   Definitions
      At line 324 in file ..\..\..\..\..\Device\MM32F103xCxE_o\Source\KEIL_Star
tAsm\startup_MM32F103xCxE_o.s
   Uses
      At line 113 in file ..\..\..\..\..\Device\MM32F103xCxE_o\Source\KEIL_Star
tAsm\startup_MM32F103xCxE_o.s
      At line 261 in file ..\..\..\..\..\Device\MM32F103xCxE_o\Source\KEIL_Star
tAsm\startup_MM32F103xCxE_o.s

DMA1_Channel1_IRQHandler 0000001A

Symbol: DMA1_Channel1_IRQHandler
   Definitions
      At line 280 in file ..\..\..\..\..\Device\MM32F103xCxE_o\Source\KEIL_Star
tAsm\startup_MM32F103xCxE_o.s
   Uses
      At line 60 in file ..\..\..\..\..\Device\MM32F103xCxE_o\Source\KEIL_Start
Asm\startup_MM32F103xCxE_o.s
      At line 217 in file ..\..\..\..\..\Device\MM32F103xCxE_o\Source\KEIL_Star
tAsm\startup_MM32F103xCxE_o.s

DMA1_Channel2_IRQHandler 0000001A

Symbol: DMA1_Channel2_IRQHandler
   Definitions
      At line 281 in file ..\..\..\..\..\Device\MM32F103xCxE_o\Source\KEIL_Star
tAsm\startup_MM32F103xCxE_o.s
   Uses
      At line 61 in file ..\..\..\..\..\Device\MM32F103xCxE_o\Source\KEIL_Start
Asm\startup_MM32F103xCxE_o.s
      At line 218 in file ..\..\..\..\..\Device\MM32F103xCxE_o\Source\KEIL_Star
tAsm\startup_MM32F103xCxE_o.s

DMA1_Channel3_IRQHandler 0000001A

Symbol: DMA1_Channel3_IRQHandler
   Definitions
      At line 282 in file ..\..\..\..\..\Device\MM32F103xCxE_o\Source\KEIL_Star
tAsm\startup_MM32F103xCxE_o.s
   Uses
      At line 62 in file ..\..\..\..\..\Device\MM32F103xCxE_o\Source\KEIL_Start
Asm\startup_MM32F103xCxE_o.s
      At line 219 in file ..\..\..\..\..\Device\MM32F103xCxE_o\Source\KEIL_Star
tAsm\startup_MM32F103xCxE_o.s

DMA1_Channel4_IRQHandler 0000001A

Symbol: DMA1_Channel4_IRQHandler
   Definitions
      At line 283 in file ..\..\..\..\..\Device\MM32F103xCxE_o\Source\KEIL_Star
tAsm\startup_MM32F103xCxE_o.s
   Uses
      At line 63 in file ..\..\..\..\..\Device\MM32F103xCxE_o\Source\KEIL_Start
Asm\startup_MM32F103xCxE_o.s
      At line 220 in file ..\..\..\..\..\Device\MM32F103xCxE_o\Source\KEIL_Star
tAsm\startup_MM32F103xCxE_o.s

DMA1_Channel5_IRQHandler 0000001A



ARM Macro Assembler    Page 3 Alphabetic symbol ordering
Relocatable symbols


Symbol: DMA1_Channel5_IRQHandler
   Definitions
      At line 284 in file ..\..\..\..\..\Device\MM32F103xCxE_o\Source\KEIL_Star
tAsm\startup_MM32F103xCxE_o.s
   Uses
      At line 64 in file ..\..\..\..\..\Device\MM32F103xCxE_o\Source\KEIL_Start
Asm\startup_MM32F103xCxE_o.s
      At line 221 in file ..\..\..\..\..\Device\MM32F103xCxE_o\Source\KEIL_Star
tAsm\startup_MM32F103xCxE_o.s

DMA1_Channel6_IRQHandler 0000001A

Symbol: DMA1_Channel6_IRQHandler
   Definitions
      At line 285 in file ..\..\..\..\..\Device\MM32F103xCxE_o\Source\KEIL_Star
tAsm\startup_MM32F103xCxE_o.s
   Uses
      At line 65 in file ..\..\..\..\..\Device\MM32F103xCxE_o\Source\KEIL_Start
Asm\startup_MM32F103xCxE_o.s
      At line 222 in file ..\..\..\..\..\Device\MM32F103xCxE_o\Source\KEIL_Star
tAsm\startup_MM32F103xCxE_o.s

DMA1_Channel7_IRQHandler 0000001A

Symbol: DMA1_Channel7_IRQHandler
   Definitions
      At line 286 in file ..\..\..\..\..\Device\MM32F103xCxE_o\Source\KEIL_Star
tAsm\startup_MM32F103xCxE_o.s
   Uses
      At line 66 in file ..\..\..\..\..\Device\MM32F103xCxE_o\Source\KEIL_Start
Asm\startup_MM32F103xCxE_o.s
      At line 223 in file ..\..\..\..\..\Device\MM32F103xCxE_o\Source\KEIL_Star
tAsm\startup_MM32F103xCxE_o.s

DMA2_Channel1_IRQHandler 0000001A

Symbol: DMA2_Channel1_IRQHandler
   Definitions
      At line 318 in file ..\..\..\..\..\Device\MM32F103xCxE_o\Source\KEIL_Star
tAsm\startup_MM32F103xCxE_o.s
   Uses
      At line 105 in file ..\..\..\..\..\Device\MM32F103xCxE_o\Source\KEIL_Star
tAsm\startup_MM32F103xCxE_o.s
      At line 255 in file ..\..\..\..\..\Device\MM32F103xCxE_o\Source\KEIL_Star
tAsm\startup_MM32F103xCxE_o.s

DMA2_Channel2_IRQHandler 0000001A

Symbol: DMA2_Channel2_IRQHandler
   Definitions
      At line 319 in file ..\..\..\..\..\Device\MM32F103xCxE_o\Source\KEIL_Star
tAsm\startup_MM32F103xCxE_o.s
   Uses
      At line 106 in file ..\..\..\..\..\Device\MM32F103xCxE_o\Source\KEIL_Star
tAsm\startup_MM32F103xCxE_o.s
      At line 256 in file ..\..\..\..\..\Device\MM32F103xCxE_o\Source\KEIL_Star
tAsm\startup_MM32F103xCxE_o.s




ARM Macro Assembler    Page 4 Alphabetic symbol ordering
Relocatable symbols

DMA2_Channel3_IRQHandler 0000001A

Symbol: DMA2_Channel3_IRQHandler
   Definitions
      At line 320 in file ..\..\..\..\..\Device\MM32F103xCxE_o\Source\KEIL_Star
tAsm\startup_MM32F103xCxE_o.s
   Uses
      At line 107 in file ..\..\..\..\..\Device\MM32F103xCxE_o\Source\KEIL_Star
tAsm\startup_MM32F103xCxE_o.s
      At line 257 in file ..\..\..\..\..\Device\MM32F103xCxE_o\Source\KEIL_Star
tAsm\startup_MM32F103xCxE_o.s

DMA2_Channel4_IRQHandler 0000001A

Symbol: DMA2_Channel4_IRQHandler
   Definitions
      At line 321 in file ..\..\..\..\..\Device\MM32F103xCxE_o\Source\KEIL_Star
tAsm\startup_MM32F103xCxE_o.s
   Uses
      At line 108 in file ..\..\..\..\..\Device\MM32F103xCxE_o\Source\KEIL_Star
tAsm\startup_MM32F103xCxE_o.s
      At line 258 in file ..\..\..\..\..\Device\MM32F103xCxE_o\Source\KEIL_Star
tAsm\startup_MM32F103xCxE_o.s

DMA2_Channel5_IRQHandler 0000001A

Symbol: DMA2_Channel5_IRQHandler
   Definitions
      At line 322 in file ..\..\..\..\..\Device\MM32F103xCxE_o\Source\KEIL_Star
tAsm\startup_MM32F103xCxE_o.s
   Uses
      At line 109 in file ..\..\..\..\..\Device\MM32F103xCxE_o\Source\KEIL_Star
tAsm\startup_MM32F103xCxE_o.s
      At line 259 in file ..\..\..\..\..\Device\MM32F103xCxE_o\Source\KEIL_Star
tAsm\startup_MM32F103xCxE_o.s

DebugMon_Handler 00000014

Symbol: DebugMon_Handler
   Definitions
      At line 191 in file ..\..\..\..\..\Device\MM32F103xCxE_o\Source\KEIL_Star
tAsm\startup_MM32F103xCxE_o.s
   Uses
      At line 45 in file ..\..\..\..\..\Device\MM32F103xCxE_o\Source\KEIL_Start
Asm\startup_MM32F103xCxE_o.s
      At line 192 in file ..\..\..\..\..\Device\MM32F103xCxE_o\Source\KEIL_Star
tAsm\startup_MM32F103xCxE_o.s

Default_Handler 0000001A

Symbol: Default_Handler
   Definitions
      At line 204 in file ..\..\..\..\..\Device\MM32F103xCxE_o\Source\KEIL_Star
tAsm\startup_MM32F103xCxE_o.s
   Uses
      None
Comment: Default_Handler unused
ETHERNET_MAC_IRQHandler 0000001A




ARM Macro Assembler    Page 5 Alphabetic symbol ordering
Relocatable symbols

Symbol: ETHERNET_MAC_IRQHandler
   Definitions
      At line 323 in file ..\..\..\..\..\Device\MM32F103xCxE_o\Source\KEIL_Star
tAsm\startup_MM32F103xCxE_o.s
   Uses
      At line 110 in file ..\..\..\..\..\Device\MM32F103xCxE_o\Source\KEIL_Star
tAsm\startup_MM32F103xCxE_o.s
      At line 260 in file ..\..\..\..\..\Device\MM32F103xCxE_o\Source\KEIL_Star
tAsm\startup_MM32F103xCxE_o.s

EXTI0_IRQHandler 0000001A

Symbol: EXTI0_IRQHandler
   Definitions
      At line 275 in file ..\..\..\..\..\Device\MM32F103xCxE_o\Source\KEIL_Star
tAsm\startup_MM32F103xCxE_o.s
   Uses
      At line 55 in file ..\..\..\..\..\Device\MM32F103xCxE_o\Source\KEIL_Start
Asm\startup_MM32F103xCxE_o.s
      At line 212 in file ..\..\..\..\..\Device\MM32F103xCxE_o\Source\KEIL_Star
tAsm\startup_MM32F103xCxE_o.s

EXTI15_10_IRQHandler 0000001A

Symbol: EXTI15_10_IRQHandler
   Definitions
      At line 304 in file ..\..\..\..\..\Device\MM32F103xCxE_o\Source\KEIL_Star
tAsm\startup_MM32F103xCxE_o.s
   Uses
      At line 89 in file ..\..\..\..\..\Device\MM32F103xCxE_o\Source\KEIL_Start
Asm\startup_MM32F103xCxE_o.s
      At line 241 in file ..\..\..\..\..\Device\MM32F103xCxE_o\Source\KEIL_Star
tAsm\startup_MM32F103xCxE_o.s

EXTI1_IRQHandler 0000001A

Symbol: EXTI1_IRQHandler
   Definitions
      At line 276 in file ..\..\..\..\..\Device\MM32F103xCxE_o\Source\KEIL_Star
tAsm\startup_MM32F103xCxE_o.s
   Uses
      At line 56 in file ..\..\..\..\..\Device\MM32F103xCxE_o\Source\KEIL_Start
Asm\startup_MM32F103xCxE_o.s
      At line 213 in file ..\..\..\..\..\Device\MM32F103xCxE_o\Source\KEIL_Star
tAsm\startup_MM32F103xCxE_o.s

EXTI2_IRQHandler 0000001A

Symbol: EXTI2_IRQHandler
   Definitions
      At line 277 in file ..\..\..\..\..\Device\MM32F103xCxE_o\Source\KEIL_Star
tAsm\startup_MM32F103xCxE_o.s
   Uses
      At line 57 in file ..\..\..\..\..\Device\MM32F103xCxE_o\Source\KEIL_Start
Asm\startup_MM32F103xCxE_o.s
      At line 214 in file ..\..\..\..\..\Device\MM32F103xCxE_o\Source\KEIL_Star
tAsm\startup_MM32F103xCxE_o.s

EXTI3_IRQHandler 0000001A



ARM Macro Assembler    Page 6 Alphabetic symbol ordering
Relocatable symbols


Symbol: EXTI3_IRQHandler
   Definitions
      At line 278 in file ..\..\..\..\..\Device\MM32F103xCxE_o\Source\KEIL_Star
tAsm\startup_MM32F103xCxE_o.s
   Uses
      At line 58 in file ..\..\..\..\..\Device\MM32F103xCxE_o\Source\KEIL_Start
Asm\startup_MM32F103xCxE_o.s
      At line 215 in file ..\..\..\..\..\Device\MM32F103xCxE_o\Source\KEIL_Star
tAsm\startup_MM32F103xCxE_o.s

EXTI4_IRQHandler 0000001A

Symbol: EXTI4_IRQHandler
   Definitions
      At line 279 in file ..\..\..\..\..\Device\MM32F103xCxE_o\Source\KEIL_Star
tAsm\startup_MM32F103xCxE_o.s
   Uses
      At line 59 in file ..\..\..\..\..\Device\MM32F103xCxE_o\Source\KEIL_Start
Asm\startup_MM32F103xCxE_o.s
      At line 216 in file ..\..\..\..\..\Device\MM32F103xCxE_o\Source\KEIL_Star
tAsm\startup_MM32F103xCxE_o.s

EXTI9_5_IRQHandler 0000001A

Symbol: EXTI9_5_IRQHandler
   Definitions
      At line 289 in file ..\..\..\..\..\Device\MM32F103xCxE_o\Source\KEIL_Star
tAsm\startup_MM32F103xCxE_o.s
   Uses
      At line 72 in file ..\..\..\..\..\Device\MM32F103xCxE_o\Source\KEIL_Start
Asm\startup_MM32F103xCxE_o.s
      At line 226 in file ..\..\..\..\..\Device\MM32F103xCxE_o\Source\KEIL_Star
tAsm\startup_MM32F103xCxE_o.s

FLASH_IRQHandler 0000001A

Symbol: FLASH_IRQHandler
   Definitions
      At line 273 in file ..\..\..\..\..\Device\MM32F103xCxE_o\Source\KEIL_Star
tAsm\startup_MM32F103xCxE_o.s
   Uses
      At line 53 in file ..\..\..\..\..\Device\MM32F103xCxE_o\Source\KEIL_Start
Asm\startup_MM32F103xCxE_o.s
      At line 210 in file ..\..\..\..\..\Device\MM32F103xCxE_o\Source\KEIL_Star
tAsm\startup_MM32F103xCxE_o.s

HardFault_Handler 0000000A

Symbol: HardFault_Handler
   Definitions
      At line 167 in file ..\..\..\..\..\Device\MM32F103xCxE_o\Source\KEIL_Star
tAsm\startup_MM32F103xCxE_o.s
   Uses
      At line 36 in file ..\..\..\..\..\Device\MM32F103xCxE_o\Source\KEIL_Start
Asm\startup_MM32F103xCxE_o.s
      At line 168 in file ..\..\..\..\..\Device\MM32F103xCxE_o\Source\KEIL_Star
tAsm\startup_MM32F103xCxE_o.s




ARM Macro Assembler    Page 7 Alphabetic symbol ordering
Relocatable symbols

I2C1_IRQHandler 0000001A

Symbol: I2C1_IRQHandler
   Definitions
      At line 297 in file ..\..\..\..\..\Device\MM32F103xCxE_o\Source\KEIL_Star
tAsm\startup_MM32F103xCxE_o.s
   Uses
      At line 80 in file ..\..\..\..\..\Device\MM32F103xCxE_o\Source\KEIL_Start
Asm\startup_MM32F103xCxE_o.s
      At line 234 in file ..\..\..\..\..\Device\MM32F103xCxE_o\Source\KEIL_Star
tAsm\startup_MM32F103xCxE_o.s

I2C2_IRQHandler 0000001A

Symbol: I2C2_IRQHandler
   Definitions
      At line 298 in file ..\..\..\..\..\Device\MM32F103xCxE_o\Source\KEIL_Star
tAsm\startup_MM32F103xCxE_o.s
   Uses
      At line 82 in file ..\..\..\..\..\Device\MM32F103xCxE_o\Source\KEIL_Start
Asm\startup_MM32F103xCxE_o.s
      At line 235 in file ..\..\..\..\..\Device\MM32F103xCxE_o\Source\KEIL_Star
tAsm\startup_MM32F103xCxE_o.s

MemManage_Handler 0000000C

Symbol: MemManage_Handler
   Definitions
      At line 172 in file ..\..\..\..\..\Device\MM32F103xCxE_o\Source\KEIL_Star
tAsm\startup_MM32F103xCxE_o.s
   Uses
      At line 37 in file ..\..\..\..\..\Device\MM32F103xCxE_o\Source\KEIL_Start
Asm\startup_MM32F103xCxE_o.s
      At line 173 in file ..\..\..\..\..\Device\MM32F103xCxE_o\Source\KEIL_Star
tAsm\startup_MM32F103xCxE_o.s

NMI_Handler 00000008

Symbol: NMI_Handler
   Definitions
      At line 162 in file ..\..\..\..\..\Device\MM32F103xCxE_o\Source\KEIL_Star
tAsm\startup_MM32F103xCxE_o.s
   Uses
      At line 35 in file ..\..\..\..\..\Device\MM32F103xCxE_o\Source\KEIL_Start
Asm\startup_MM32F103xCxE_o.s
      At line 163 in file ..\..\..\..\..\Device\MM32F103xCxE_o\Source\KEIL_Star
tAsm\startup_MM32F103xCxE_o.s

PVD_IRQHandler 0000001A

Symbol: PVD_IRQHandler
   Definitions
      At line 270 in file ..\..\..\..\..\Device\MM32F103xCxE_o\Source\KEIL_Star
tAsm\startup_MM32F103xCxE_o.s
   Uses
      At line 50 in file ..\..\..\..\..\Device\MM32F103xCxE_o\Source\KEIL_Start
Asm\startup_MM32F103xCxE_o.s
      At line 207 in file ..\..\..\..\..\Device\MM32F103xCxE_o\Source\KEIL_Star
tAsm\startup_MM32F103xCxE_o.s



ARM Macro Assembler    Page 8 Alphabetic symbol ordering
Relocatable symbols


PendSV_Handler 00000016

Symbol: PendSV_Handler
   Definitions
      At line 195 in file ..\..\..\..\..\Device\MM32F103xCxE_o\Source\KEIL_Star
tAsm\startup_MM32F103xCxE_o.s
   Uses
      At line 47 in file ..\..\..\..\..\Device\MM32F103xCxE_o\Source\KEIL_Start
Asm\startup_MM32F103xCxE_o.s
      At line 196 in file ..\..\..\..\..\Device\MM32F103xCxE_o\Source\KEIL_Star
tAsm\startup_MM32F103xCxE_o.s

RCC_CRS_IRQHandler 0000001A

Symbol: RCC_CRS_IRQHandler
   Definitions
      At line 274 in file ..\..\..\..\..\Device\MM32F103xCxE_o\Source\KEIL_Star
tAsm\startup_MM32F103xCxE_o.s
   Uses
      At line 54 in file ..\..\..\..\..\Device\MM32F103xCxE_o\Source\KEIL_Start
Asm\startup_MM32F103xCxE_o.s
      At line 211 in file ..\..\..\..\..\Device\MM32F103xCxE_o\Source\KEIL_Star
tAsm\startup_MM32F103xCxE_o.s

RTCAlarm_IRQHandler 0000001A

Symbol: RTCAlarm_IRQHandler
   Definitions
      At line 305 in file ..\..\..\..\..\Device\MM32F103xCxE_o\Source\KEIL_Star
tAsm\startup_MM32F103xCxE_o.s
   Uses
      At line 90 in file ..\..\..\..\..\Device\MM32F103xCxE_o\Source\KEIL_Start
Asm\startup_MM32F103xCxE_o.s
      At line 242 in file ..\..\..\..\..\Device\MM32F103xCxE_o\Source\KEIL_Star
tAsm\startup_MM32F103xCxE_o.s

RTC_IRQHandler 0000001A

Symbol: RTC_IRQHandler
   Definitions
      At line 272 in file ..\..\..\..\..\Device\MM32F103xCxE_o\Source\KEIL_Star
tAsm\startup_MM32F103xCxE_o.s
   Uses
      At line 52 in file ..\..\..\..\..\Device\MM32F103xCxE_o\Source\KEIL_Start
Asm\startup_MM32F103xCxE_o.s
      At line 209 in file ..\..\..\..\..\Device\MM32F103xCxE_o\Source\KEIL_Star
tAsm\startup_MM32F103xCxE_o.s

Reset_Handler 00000000

Symbol: Reset_Handler
   Definitions
      At line 150 in file ..\..\..\..\..\Device\MM32F103xCxE_o\Source\KEIL_Star
tAsm\startup_MM32F103xCxE_o.s
   Uses
      At line 34 in file ..\..\..\..\..\Device\MM32F103xCxE_o\Source\KEIL_Start
Asm\startup_MM32F103xCxE_o.s
      At line 151 in file ..\..\..\..\..\Device\MM32F103xCxE_o\Source\KEIL_Star



ARM Macro Assembler    Page 9 Alphabetic symbol ordering
Relocatable symbols

tAsm\startup_MM32F103xCxE_o.s

SDIO_IRQHandler 0000001A

Symbol: SDIO_IRQHandler
   Definitions
      At line 311 in file ..\..\..\..\..\Device\MM32F103xCxE_o\Source\KEIL_Star
tAsm\startup_MM32F103xCxE_o.s
   Uses
      At line 98 in file ..\..\..\..\..\Device\MM32F103xCxE_o\Source\KEIL_Start
Asm\startup_MM32F103xCxE_o.s
      At line 248 in file ..\..\..\..\..\Device\MM32F103xCxE_o\Source\KEIL_Star
tAsm\startup_MM32F103xCxE_o.s

SPI1_IRQHandler 0000001A

Symbol: SPI1_IRQHandler
   Definitions
      At line 299 in file ..\..\..\..\..\Device\MM32F103xCxE_o\Source\KEIL_Star
tAsm\startup_MM32F103xCxE_o.s
   Uses
      At line 84 in file ..\..\..\..\..\Device\MM32F103xCxE_o\Source\KEIL_Start
Asm\startup_MM32F103xCxE_o.s
      At line 236 in file ..\..\..\..\..\Device\MM32F103xCxE_o\Source\KEIL_Star
tAsm\startup_MM32F103xCxE_o.s

SPI2_IRQHandler 0000001A

Symbol: SPI2_IRQHandler
   Definitions
      At line 300 in file ..\..\..\..\..\Device\MM32F103xCxE_o\Source\KEIL_Star
tAsm\startup_MM32F103xCxE_o.s
   Uses
      At line 85 in file ..\..\..\..\..\Device\MM32F103xCxE_o\Source\KEIL_Start
Asm\startup_MM32F103xCxE_o.s
      At line 237 in file ..\..\..\..\..\Device\MM32F103xCxE_o\Source\KEIL_Star
tAsm\startup_MM32F103xCxE_o.s

SPI3_IRQHandler 0000001A

Symbol: SPI3_IRQHandler
   Definitions
      At line 313 in file ..\..\..\..\..\Device\MM32F103xCxE_o\Source\KEIL_Star
tAsm\startup_MM32F103xCxE_o.s
   Uses
      At line 100 in file ..\..\..\..\..\Device\MM32F103xCxE_o\Source\KEIL_Star
tAsm\startup_MM32F103xCxE_o.s
      At line 250 in file ..\..\..\..\..\Device\MM32F103xCxE_o\Source\KEIL_Star
tAsm\startup_MM32F103xCxE_o.s

SVC_Handler 00000012

Symbol: SVC_Handler
   Definitions
      At line 186 in file ..\..\..\..\..\Device\MM32F103xCxE_o\Source\KEIL_Star
tAsm\startup_MM32F103xCxE_o.s
   Uses
      At line 44 in file ..\..\..\..\..\Device\MM32F103xCxE_o\Source\KEIL_Start
Asm\startup_MM32F103xCxE_o.s



ARM Macro Assembler    Page 10 Alphabetic symbol ordering
Relocatable symbols

      At line 187 in file ..\..\..\..\..\Device\MM32F103xCxE_o\Source\KEIL_Star
tAsm\startup_MM32F103xCxE_o.s

SysTick_Handler 00000018

Symbol: SysTick_Handler
   Definitions
      At line 199 in file ..\..\..\..\..\Device\MM32F103xCxE_o\Source\KEIL_Star
tAsm\startup_MM32F103xCxE_o.s
   Uses
      At line 48 in file ..\..\..\..\..\Device\MM32F103xCxE_o\Source\KEIL_Start
Asm\startup_MM32F103xCxE_o.s
      At line 200 in file ..\..\..\..\..\Device\MM32F103xCxE_o\Source\KEIL_Star
tAsm\startup_MM32F103xCxE_o.s

TAMPER_IRQHandler 0000001A

Symbol: TAMPER_IRQHandler
   Definitions
      At line 271 in file ..\..\..\..\..\Device\MM32F103xCxE_o\Source\KEIL_Star
tAsm\startup_MM32F103xCxE_o.s
   Uses
      At line 51 in file ..\..\..\..\..\Device\MM32F103xCxE_o\Source\KEIL_Start
Asm\startup_MM32F103xCxE_o.s
      At line 208 in file ..\..\..\..\..\Device\MM32F103xCxE_o\Source\KEIL_Star
tAsm\startup_MM32F103xCxE_o.s

TIM1_BRK_IRQHandler 0000001A

Symbol: TIM1_BRK_IRQHandler
   Definitions
      At line 290 in file ..\..\..\..\..\Device\MM32F103xCxE_o\Source\KEIL_Star
tAsm\startup_MM32F103xCxE_o.s
   Uses
      At line 73 in file ..\..\..\..\..\Device\MM32F103xCxE_o\Source\KEIL_Start
Asm\startup_MM32F103xCxE_o.s
      At line 227 in file ..\..\..\..\..\Device\MM32F103xCxE_o\Source\KEIL_Star
tAsm\startup_MM32F103xCxE_o.s

TIM1_CC_IRQHandler 0000001A

Symbol: TIM1_CC_IRQHandler
   Definitions
      At line 293 in file ..\..\..\..\..\Device\MM32F103xCxE_o\Source\KEIL_Star
tAsm\startup_MM32F103xCxE_o.s
   Uses
      At line 76 in file ..\..\..\..\..\Device\MM32F103xCxE_o\Source\KEIL_Start
Asm\startup_MM32F103xCxE_o.s
      At line 230 in file ..\..\..\..\..\Device\MM32F103xCxE_o\Source\KEIL_Star
tAsm\startup_MM32F103xCxE_o.s

TIM1_TRG_COM_IRQHandler 0000001A

Symbol: TIM1_TRG_COM_IRQHandler
   Definitions
      At line 292 in file ..\..\..\..\..\Device\MM32F103xCxE_o\Source\KEIL_Star
tAsm\startup_MM32F103xCxE_o.s
   Uses
      At line 75 in file ..\..\..\..\..\Device\MM32F103xCxE_o\Source\KEIL_Start



ARM Macro Assembler    Page 11 Alphabetic symbol ordering
Relocatable symbols

Asm\startup_MM32F103xCxE_o.s
      At line 229 in file ..\..\..\..\..\Device\MM32F103xCxE_o\Source\KEIL_Star
tAsm\startup_MM32F103xCxE_o.s

TIM1_UP_IRQHandler 0000001A

Symbol: TIM1_UP_IRQHandler
   Definitions
      At line 291 in file ..\..\..\..\..\Device\MM32F103xCxE_o\Source\KEIL_Star
tAsm\startup_MM32F103xCxE_o.s
   Uses
      At line 74 in file ..\..\..\..\..\Device\MM32F103xCxE_o\Source\KEIL_Start
Asm\startup_MM32F103xCxE_o.s
      At line 228 in file ..\..\..\..\..\Device\MM32F103xCxE_o\Source\KEIL_Star
tAsm\startup_MM32F103xCxE_o.s

TIM2_IRQHandler 0000001A

Symbol: TIM2_IRQHandler
   Definitions
      At line 294 in file ..\..\..\..\..\Device\MM32F103xCxE_o\Source\KEIL_Star
tAsm\startup_MM32F103xCxE_o.s
   Uses
      At line 77 in file ..\..\..\..\..\Device\MM32F103xCxE_o\Source\KEIL_Start
Asm\startup_MM32F103xCxE_o.s
      At line 231 in file ..\..\..\..\..\Device\MM32F103xCxE_o\Source\KEIL_Star
tAsm\startup_MM32F103xCxE_o.s

TIM3_IRQHandler 0000001A

Symbol: TIM3_IRQHandler
   Definitions
      At line 295 in file ..\..\..\..\..\Device\MM32F103xCxE_o\Source\KEIL_Star
tAsm\startup_MM32F103xCxE_o.s
   Uses
      At line 78 in file ..\..\..\..\..\Device\MM32F103xCxE_o\Source\KEIL_Start
Asm\startup_MM32F103xCxE_o.s
      At line 232 in file ..\..\..\..\..\Device\MM32F103xCxE_o\Source\KEIL_Star
tAsm\startup_MM32F103xCxE_o.s

TIM4_IRQHandler 0000001A

Symbol: TIM4_IRQHandler
   Definitions
      At line 296 in file ..\..\..\..\..\Device\MM32F103xCxE_o\Source\KEIL_Star
tAsm\startup_MM32F103xCxE_o.s
   Uses
      At line 79 in file ..\..\..\..\..\Device\MM32F103xCxE_o\Source\KEIL_Start
Asm\startup_MM32F103xCxE_o.s
      At line 233 in file ..\..\..\..\..\Device\MM32F103xCxE_o\Source\KEIL_Star
tAsm\startup_MM32F103xCxE_o.s

TIM5_IRQHandler 0000001A

Symbol: TIM5_IRQHandler
   Definitions
      At line 312 in file ..\..\..\..\..\Device\MM32F103xCxE_o\Source\KEIL_Star
tAsm\startup_MM32F103xCxE_o.s
   Uses



ARM Macro Assembler    Page 12 Alphabetic symbol ordering
Relocatable symbols

      At line 99 in file ..\..\..\..\..\Device\MM32F103xCxE_o\Source\KEIL_Start
Asm\startup_MM32F103xCxE_o.s
      At line 249 in file ..\..\..\..\..\Device\MM32F103xCxE_o\Source\KEIL_Star
tAsm\startup_MM32F103xCxE_o.s

TIM6_IRQHandler 0000001A

Symbol: TIM6_IRQHandler
   Definitions
      At line 316 in file ..\..\..\..\..\Device\MM32F103xCxE_o\Source\KEIL_Star
tAsm\startup_MM32F103xCxE_o.s
   Uses
      At line 103 in file ..\..\..\..\..\Device\MM32F103xCxE_o\Source\KEIL_Star
tAsm\startup_MM32F103xCxE_o.s
      At line 253 in file ..\..\..\..\..\Device\MM32F103xCxE_o\Source\KEIL_Star
tAsm\startup_MM32F103xCxE_o.s

TIM7_IRQHandler 0000001A

Symbol: TIM7_IRQHandler
   Definitions
      At line 317 in file ..\..\..\..\..\Device\MM32F103xCxE_o\Source\KEIL_Star
tAsm\startup_MM32F103xCxE_o.s
   Uses
      At line 104 in file ..\..\..\..\..\Device\MM32F103xCxE_o\Source\KEIL_Star
tAsm\startup_MM32F103xCxE_o.s
      At line 254 in file ..\..\..\..\..\Device\MM32F103xCxE_o\Source\KEIL_Star
tAsm\startup_MM32F103xCxE_o.s

TIM8_BRK_IRQHandler 0000001A

Symbol: TIM8_BRK_IRQHandler
   Definitions
      At line 307 in file ..\..\..\..\..\Device\MM32F103xCxE_o\Source\KEIL_Star
tAsm\startup_MM32F103xCxE_o.s
   Uses
      At line 92 in file ..\..\..\..\..\Device\MM32F103xCxE_o\Source\KEIL_Start
Asm\startup_MM32F103xCxE_o.s
      At line 244 in file ..\..\..\..\..\Device\MM32F103xCxE_o\Source\KEIL_Star
tAsm\startup_MM32F103xCxE_o.s

TIM8_CC_IRQHandler 0000001A

Symbol: TIM8_CC_IRQHandler
   Definitions
      At line 310 in file ..\..\..\..\..\Device\MM32F103xCxE_o\Source\KEIL_Star
tAsm\startup_MM32F103xCxE_o.s
   Uses
      At line 95 in file ..\..\..\..\..\Device\MM32F103xCxE_o\Source\KEIL_Start
Asm\startup_MM32F103xCxE_o.s
      At line 247 in file ..\..\..\..\..\Device\MM32F103xCxE_o\Source\KEIL_Star
tAsm\startup_MM32F103xCxE_o.s

TIM8_TRG_COM_IRQHandler 0000001A

Symbol: TIM8_TRG_COM_IRQHandler
   Definitions
      At line 309 in file ..\..\..\..\..\Device\MM32F103xCxE_o\Source\KEIL_Star
tAsm\startup_MM32F103xCxE_o.s



ARM Macro Assembler    Page 13 Alphabetic symbol ordering
Relocatable symbols

   Uses
      At line 94 in file ..\..\..\..\..\Device\MM32F103xCxE_o\Source\KEIL_Start
Asm\startup_MM32F103xCxE_o.s
      At line 246 in file ..\..\..\..\..\Device\MM32F103xCxE_o\Source\KEIL_Star
tAsm\startup_MM32F103xCxE_o.s

TIM8_UP_IRQHandler 0000001A

Symbol: TIM8_UP_IRQHandler
   Definitions
      At line 308 in file ..\..\..\..\..\Device\MM32F103xCxE_o\Source\KEIL_Star
tAsm\startup_MM32F103xCxE_o.s
   Uses
      At line 93 in file ..\..\..\..\..\Device\MM32F103xCxE_o\Source\KEIL_Start
Asm\startup_MM32F103xCxE_o.s
      At line 245 in file ..\..\..\..\..\Device\MM32F103xCxE_o\Source\KEIL_Star
tAsm\startup_MM32F103xCxE_o.s

TRNG_IRQHandler 0000001A

Symbol: TRNG_IRQHandler
   Definitions
      At line 328 in file ..\..\..\..\..\Device\MM32F103xCxE_o\Source\KEIL_Star
tAsm\startup_MM32F103xCxE_o.s
   Uses
      At line 129 in file ..\..\..\..\..\Device\MM32F103xCxE_o\Source\KEIL_Star
tAsm\startup_MM32F103xCxE_o.s
      At line 265 in file ..\..\..\..\..\Device\MM32F103xCxE_o\Source\KEIL_Star
tAsm\startup_MM32F103xCxE_o.s

UART1_IRQHandler 0000001A

Symbol: UART1_IRQHandler
   Definitions
      At line 301 in file ..\..\..\..\..\Device\MM32F103xCxE_o\Source\KEIL_Star
tAsm\startup_MM32F103xCxE_o.s
   Uses
      At line 86 in file ..\..\..\..\..\Device\MM32F103xCxE_o\Source\KEIL_Start
Asm\startup_MM32F103xCxE_o.s
      At line 238 in file ..\..\..\..\..\Device\MM32F103xCxE_o\Source\KEIL_Star
tAsm\startup_MM32F103xCxE_o.s

UART2_IRQHandler 0000001A

Symbol: UART2_IRQHandler
   Definitions
      At line 302 in file ..\..\..\..\..\Device\MM32F103xCxE_o\Source\KEIL_Star
tAsm\startup_MM32F103xCxE_o.s
   Uses
      At line 87 in file ..\..\..\..\..\Device\MM32F103xCxE_o\Source\KEIL_Start
Asm\startup_MM32F103xCxE_o.s
      At line 239 in file ..\..\..\..\..\Device\MM32F103xCxE_o\Source\KEIL_Star
tAsm\startup_MM32F103xCxE_o.s

UART3_IRQHandler 0000001A

Symbol: UART3_IRQHandler
   Definitions
      At line 303 in file ..\..\..\..\..\Device\MM32F103xCxE_o\Source\KEIL_Star



ARM Macro Assembler    Page 14 Alphabetic symbol ordering
Relocatable symbols

tAsm\startup_MM32F103xCxE_o.s
   Uses
      At line 88 in file ..\..\..\..\..\Device\MM32F103xCxE_o\Source\KEIL_Start
Asm\startup_MM32F103xCxE_o.s
      At line 240 in file ..\..\..\..\..\Device\MM32F103xCxE_o\Source\KEIL_Star
tAsm\startup_MM32F103xCxE_o.s

UART4_IRQHandler 0000001A

Symbol: UART4_IRQHandler
   Definitions
      At line 314 in file ..\..\..\..\..\Device\MM32F103xCxE_o\Source\KEIL_Star
tAsm\startup_MM32F103xCxE_o.s
   Uses
      At line 101 in file ..\..\..\..\..\Device\MM32F103xCxE_o\Source\KEIL_Star
tAsm\startup_MM32F103xCxE_o.s
      At line 251 in file ..\..\..\..\..\Device\MM32F103xCxE_o\Source\KEIL_Star
tAsm\startup_MM32F103xCxE_o.s

UART5_IRQHandler 0000001A

Symbol: UART5_IRQHandler
   Definitions
      At line 315 in file ..\..\..\..\..\Device\MM32F103xCxE_o\Source\KEIL_Star
tAsm\startup_MM32F103xCxE_o.s
   Uses
      At line 102 in file ..\..\..\..\..\Device\MM32F103xCxE_o\Source\KEIL_Star
tAsm\startup_MM32F103xCxE_o.s
      At line 252 in file ..\..\..\..\..\Device\MM32F103xCxE_o\Source\KEIL_Star
tAsm\startup_MM32F103xCxE_o.s

UART6_IRQHandler 0000001A

Symbol: UART6_IRQHandler
   Definitions
      At line 326 in file ..\..\..\..\..\Device\MM32F103xCxE_o\Source\KEIL_Star
tAsm\startup_MM32F103xCxE_o.s
   Uses
      At line 120 in file ..\..\..\..\..\Device\MM32F103xCxE_o\Source\KEIL_Star
tAsm\startup_MM32F103xCxE_o.s
      At line 263 in file ..\..\..\..\..\Device\MM32F103xCxE_o\Source\KEIL_Star
tAsm\startup_MM32F103xCxE_o.s

UART7_IRQHandler 0000001A

Symbol: UART7_IRQHandler
   Definitions
      At line 329 in file ..\..\..\..\..\Device\MM32F103xCxE_o\Source\KEIL_Star
tAsm\startup_MM32F103xCxE_o.s
   Uses
      At line 131 in file ..\..\..\..\..\Device\MM32F103xCxE_o\Source\KEIL_Star
tAsm\startup_MM32F103xCxE_o.s
      At line 266 in file ..\..\..\..\..\Device\MM32F103xCxE_o\Source\KEIL_Star
tAsm\startup_MM32F103xCxE_o.s

UART8_IRQHandler 0000001A

Symbol: UART8_IRQHandler
   Definitions



ARM Macro Assembler    Page 15 Alphabetic symbol ordering
Relocatable symbols

      At line 330 in file ..\..\..\..\..\Device\MM32F103xCxE_o\Source\KEIL_Star
tAsm\startup_MM32F103xCxE_o.s
   Uses
      At line 132 in file ..\..\..\..\..\Device\MM32F103xCxE_o\Source\KEIL_Star
tAsm\startup_MM32F103xCxE_o.s
      At line 267 in file ..\..\..\..\..\Device\MM32F103xCxE_o\Source\KEIL_Star
tAsm\startup_MM32F103xCxE_o.s

USB_OTG_FS_IRQHandler 0000001A

Symbol: USB_OTG_FS_IRQHandler
   Definitions
      At line 325 in file ..\..\..\..\..\Device\MM32F103xCxE_o\Source\KEIL_Star
tAsm\startup_MM32F103xCxE_o.s
   Uses
      At line 116 in file ..\..\..\..\..\Device\MM32F103xCxE_o\Source\KEIL_Star
tAsm\startup_MM32F103xCxE_o.s
      At line 262 in file ..\..\..\..\..\Device\MM32F103xCxE_o\Source\KEIL_Star
tAsm\startup_MM32F103xCxE_o.s

USB_WKUP_IRQHandler 0000001A

Symbol: USB_WKUP_IRQHandler
   Definitions
      At line 306 in file ..\..\..\..\..\Device\MM32F103xCxE_o\Source\KEIL_Star
tAsm\startup_MM32F103xCxE_o.s
   Uses
      At line 91 in file ..\..\..\..\..\Device\MM32F103xCxE_o\Source\KEIL_Start
Asm\startup_MM32F103xCxE_o.s
      At line 243 in file ..\..\..\..\..\Device\MM32F103xCxE_o\Source\KEIL_Star
tAsm\startup_MM32F103xCxE_o.s

UsageFault_Handler 00000010

Symbol: UsageFault_Handler
   Definitions
      At line 182 in file ..\..\..\..\..\Device\MM32F103xCxE_o\Source\KEIL_Star
tAsm\startup_MM32F103xCxE_o.s
   Uses
      At line 39 in file ..\..\..\..\..\Device\MM32F103xCxE_o\Source\KEIL_Start
Asm\startup_MM32F103xCxE_o.s
      At line 183 in file ..\..\..\..\..\Device\MM32F103xCxE_o\Source\KEIL_Star
tAsm\startup_MM32F103xCxE_o.s

WWDG_IRQHandler 0000001A

Symbol: WWDG_IRQHandler
   Definitions
      At line 269 in file ..\..\..\..\..\Device\MM32F103xCxE_o\Source\KEIL_Star
tAsm\startup_MM32F103xCxE_o.s
   Uses
      At line 49 in file ..\..\..\..\..\Device\MM32F103xCxE_o\Source\KEIL_Start
Asm\startup_MM32F103xCxE_o.s
      At line 206 in file ..\..\..\..\..\Device\MM32F103xCxE_o\Source\KEIL_Star
tAsm\startup_MM32F103xCxE_o.s

74 symbols



ARM Macro Assembler    Page 1 Alphabetic symbol ordering
Absolute symbols

Heap_Size 00000200

Symbol: Heap_Size
   Definitions
      At line 17 in file ..\..\..\..\..\Device\MM32F103xCxE_o\Source\KEIL_Start
Asm\startup_MM32F103xCxE_o.s
   Uses
      At line 21 in file ..\..\..\..\..\Device\MM32F103xCxE_o\Source\KEIL_Start
Asm\startup_MM32F103xCxE_o.s
Comment: Heap_Size used once
Stack_Size 00000400

Symbol: Stack_Size
   Definitions
      At line 8 in file ..\..\..\..\..\Device\MM32F103xCxE_o\Source\KEIL_StartA
sm\startup_MM32F103xCxE_o.s
   Uses
      At line 11 in file ..\..\..\..\..\Device\MM32F103xCxE_o\Source\KEIL_Start
Asm\startup_MM32F103xCxE_o.s
Comment: Stack_Size used once
__Vectors_Size 000001B4

Symbol: __Vectors_Size
   Definitions
      At line 145 in file ..\..\..\..\..\Device\MM32F103xCxE_o\Source\KEIL_Star
tAsm\startup_MM32F103xCxE_o.s
   Uses
      At line 31 in file ..\..\..\..\..\Device\MM32F103xCxE_o\Source\KEIL_Start
Asm\startup_MM32F103xCxE_o.s
Comment: __Vectors_Size used once
3 symbols



ARM Macro Assembler    Page 1 Alphabetic symbol ordering
External symbols

SystemInit 00000000

Symbol: SystemInit
   Definitions
      At line 153 in file ..\..\..\..\..\Device\MM32F103xCxE_o\Source\KEIL_Star
tAsm\startup_MM32F103xCxE_o.s
   Uses
      At line 154 in file ..\..\..\..\..\Device\MM32F103xCxE_o\Source\KEIL_Star
tAsm\startup_MM32F103xCxE_o.s
Comment: SystemInit used once
__main 00000000

Symbol: __main
   Definitions
      At line 152 in file ..\..\..\..\..\Device\MM32F103xCxE_o\Source\KEIL_Star
tAsm\startup_MM32F103xCxE_o.s
   Uses
      At line 156 in file ..\..\..\..\..\Device\MM32F103xCxE_o\Source\KEIL_Star
tAsm\startup_MM32F103xCxE_o.s
Comment: __main used once
2 symbols
423 symbols in table
